2023-01-04 12:49:42,760 INFO o.a.j.u.JMeterUtils: Setting Locale to en_BY
2023-01-04 12:49:42,795 INFO o.a.j.JMeter: Loading user properties from: user.properties
2023-01-04 12:49:42,797 INFO o.a.j.JMeter: Loading system properties from: system.properties
2023-01-04 12:49:42,808 INFO o.a.j.JMeter: Copyright (c) 1998-2022 The Apache Software Foundation
2023-01-04 12:49:42,808 INFO o.a.j.JMeter: Version 5.5
2023-01-04 12:49:42,808 INFO o.a.j.JMeter: java.version=16.0.2
2023-01-04 12:49:42,809 INFO o.a.j.JMeter: java.vm.name=OpenJDK 64-Bit Server VM
2023-01-04 12:49:42,809 INFO o.a.j.JMeter: os.name=Mac OS X
2023-01-04 12:49:42,809 INFO o.a.j.JMeter: os.arch=x86_64
2023-01-04 12:49:42,809 INFO o.a.j.JMeter: os.version=10.16
2023-01-04 12:49:42,809 INFO o.a.j.JMeter: file.encoding=UTF-8
2023-01-04 12:49:42,809 INFO o.a.j.JMeter: java.awt.headless=null
2023-01-04 12:49:42,810 INFO o.a.j.JMeter: Max memory     =8589934592
2023-01-04 12:49:42,810 INFO o.a.j.JMeter: Available Processors =8
2023-01-04 12:49:42,818 INFO o.a.j.JMeter: Default Locale=English (Belarus)
2023-01-04 12:49:42,818 INFO o.a.j.JMeter: JMeter  Locale=English (Belarus)
2023-01-04 12:49:42,819 INFO o.a.j.JMeter: JMeterHome=/Users/Valeryia_Babitskaya/Downloads/apache-jmeter-5.5
2023-01-04 12:49:42,819 INFO o.a.j.JMeter: user.dir  =/Users/Valeryia_Babitskaya/Downloads/apache-jmeter-5.5/bin
2023-01-04 12:49:42,819 INFO o.a.j.JMeter: PWD       =/Users/Valeryia_Babitskaya/Downloads/apache-jmeter-5.5/bin
2023-01-04 12:49:42,849 INFO o.a.j.JMeter: IP: 192.168.0.192 Name: EPBYMINW11D9 FullName: 192.168.0.192
2023-01-04 12:49:42,862 INFO o.a.j.JMeter: Loaded icon properties from org/apache/jmeter/images/icon.properties
2023-01-04 12:49:43,520 INFO o.a.j.JMeterGuiLauncher: Setting LAF to: com.github.weisj.darklaf.DarkLaf:com.github.weisj.darklaf.theme.DarculaTheme
2023-01-04 12:50:01,114 INFO o.a.j.s.FileServer: Default base='/Users/Valeryia_Babitskaya/Downloads/apache-jmeter-5.5/bin'
2023-01-04 12:50:01,120 INFO o.a.j.g.a.Load: Loading file: /Users/Valeryia_Babitskaya/Downloads/apache-jmeter-5.5/1tests/Task02_post100.jmx
2023-01-04 12:50:01,120 INFO o.a.j.s.FileServer: Set new base='/Users/Valeryia_Babitskaya/Downloads/apache-jmeter-5.5/1tests'
2023-01-04 12:50:01,300 INFO o.a.j.s.SaveService: Testplan (JMX) version: 2.2. Testlog (JTL) version: 2.2
2023-01-04 12:50:01,322 INFO o.a.j.s.SaveService: Using SaveService properties version 5.0
2023-01-04 12:50:01,323 INFO o.a.j.s.SaveService: Using SaveService properties file encoding UTF-8
2023-01-04 12:50:01,325 INFO o.a.j.s.SaveService: Loading file: /Users/Valeryia_Babitskaya/Downloads/apache-jmeter-5.5/1tests/Task02_post100.jmx
2023-01-04 12:50:01,348 INFO o.a.j.p.h.c.CacheManager: Will only cache the following methods: [GET]
2023-01-04 12:50:01,350 INFO o.a.j.p.h.c.CookieManager: Settings: Delete null: true Check: true Allow variable: true Save: false Prefix: COOKIE_
2023-01-04 12:50:01,359 INFO o.a.j.p.h.s.HTTPSamplerBase: Parser for text/html is org.apache.jmeter.protocol.http.parser.LagartoBasedHtmlParser
2023-01-04 12:50:01,359 INFO o.a.j.p.h.s.HTTPSamplerBase: Parser for application/xhtml+xml is org.apache.jmeter.protocol.http.parser.LagartoBasedHtmlParser
2023-01-04 12:50:01,359 INFO o.a.j.p.h.s.HTTPSamplerBase: Parser for application/xml is org.apache.jmeter.protocol.http.parser.LagartoBasedHtmlParser
2023-01-04 12:50:01,359 INFO o.a.j.p.h.s.HTTPSamplerBase: Parser for text/xml is org.apache.jmeter.protocol.http.parser.LagartoBasedHtmlParser
2023-01-04 12:50:01,359 INFO o.a.j.p.h.s.HTTPSamplerBase: Parser for text/vnd.wap.wml is org.apache.jmeter.protocol.http.parser.RegexpHTMLParser
2023-01-04 12:50:01,360 INFO o.a.j.p.h.s.HTTPSamplerBase: Parser for text/css is org.apache.jmeter.protocol.http.parser.CssParser
2023-01-04 12:50:01,682 INFO o.a.j.e.KeyToolUtils: keytool found at 'keytool'
2023-01-04 12:50:01,682 INFO o.a.j.p.h.p.ProxyControl: HTTP(S) Test Script Recorder SSL Proxy will use keys that support embedded 3rd party resources in file /Users/Valeryia_Babitskaya/Downloads/apache-jmeter-5.5/bin/proxyserver.jks
2023-01-04 12:50:02,175 INFO o.a.j.s.SampleResult: Note: Sample TimeStamps are START times
2023-01-04 12:50:02,175 INFO o.a.j.s.SampleResult: sampleresult.default.encoding is set to ISO-8859-1
2023-01-04 12:50:02,175 INFO o.a.j.s.SampleResult: sampleresult.useNanoTime=true
2023-01-04 12:50:02,175 INFO o.a.j.s.SampleResult: sampleresult.nanoThreadSleep=5000
2023-01-04 12:50:02,383 INFO o.a.j.v.ViewResultsFullVisualizer: Add JavaFX to your Java installation if you want to use renderer: org.apache.jmeter.visualizers.RenderInBrowser
2023-01-04 12:50:03,421 INFO o.a.j.s.FileServer: Set new base='/Users/Valeryia_Babitskaya/Downloads/apache-jmeter-5.5/1tests'
2023-01-04 12:50:42,168 INFO o.a.j.e.u.CompoundVariable: Note: Function class names must contain the string: '.functions.'
2023-01-04 12:50:42,169 INFO o.a.j.e.u.CompoundVariable: Note: Function class names must not contain the string: '.gui.'
2023-01-04 12:50:42,454 WARN o.a.j.p.h.p.ProxyControl: Existing ROOT Certificate has expired, a new one will be created, ensure you install it in browser, message: NotAfter: Tue Jan 03 10:49:12 CET 2023
java.security.cert.CertificateExpiredException: NotAfter: Tue Jan 03 10:49:12 CET 2023
	at sun.security.x509.CertificateValidity.valid(CertificateValidity.java:277) ~[?:?]
	at sun.security.x509.X509CertImpl.checkValidity(X509CertImpl.java:619) ~[?:?]
	at org.apache.jmeter.protocol.http.proxy.ProxyControl.initDynamicKeyStore(ProxyControl.java:1576) ~[ApacheJMeter_http.jar:5.5]
	at org.apache.jmeter.protocol.http.proxy.ProxyControl.initKeyStore(ProxyControl.java:1520) ~[ApacheJMeter_http.jar:5.5]
	at org.apache.jmeter.protocol.http.proxy.ProxyControl.startProxy(ProxyControl.java:527) ~[ApacheJMeter_http.jar:5.5]
	at org.apache.jmeter.protocol.http.proxy.gui.ProxyControlGui.startProxy(ProxyControlGui.java:623) ~[ApacheJMeter_http.jar:5.5]
	at org.apache.jmeter.protocol.http.proxy.gui.ProxyControlGui.actionPerformed(ProxyControlGui.java:463) ~[ApacheJMeter_http.jar:5.5]
	at javax.swing.AbstractButton.fireActionPerformed(AbstractButton.java:1972) ~[?:?]
	at javax.swing.AbstractButton$Handler.actionPerformed(AbstractButton.java:2313) ~[?:?]
	at javax.swing.DefaultButtonModel.fireActionPerformed(DefaultButtonModel.java:405) ~[?:?]
	at javax.swing.DefaultButtonModel.setPressed(DefaultButtonModel.java:262) ~[?:?]
	at javax.swing.plaf.basic.BasicButtonListener.mouseReleased(BasicButtonListener.java:279) ~[?:?]
	at com.github.weisj.darklaf.ui.button.DarkButtonListener.mouseReleased(DarkButtonListener.java:72) ~[darklaf-core-2.7.3.jar:2.7.3]
	at java.awt.Component.processMouseEvent(Component.java:6617) ~[?:?]
	at javax.swing.JComponent.processMouseEvent(JComponent.java:3342) ~[?:?]
	at java.awt.Component.processEvent(Component.java:6382) ~[?:?]
	at java.awt.Container.processEvent(Container.java:2264) ~[?:?]
	at java.awt.Component.dispatchEventImpl(Component.java:4993) ~[?:?]
	at java.awt.Container.dispatchEventImpl(Container.java:2322) ~[?:?]
	at java.awt.Component.dispatchEvent(Component.java:4825) ~[?:?]
	at java.awt.LightweightDispatcher.retargetMouseEvent(Container.java:4934) ~[?:?]
	at java.awt.LightweightDispatcher.processMouseEvent(Container.java:4563) ~[?:?]
	at java.awt.LightweightDispatcher.dispatchEvent(Container.java:4504) ~[?:?]
	at java.awt.Container.dispatchEventImpl(Container.java:2308) ~[?:?]
	at java.awt.Window.dispatchEventImpl(Window.java:2773) ~[?:?]
	at java.awt.Component.dispatchEvent(Component.java:4825) ~[?:?]
	at java.awt.EventQueue.dispatchEventImpl(EventQueue.java:772) ~[?:?]
	at java.awt.EventQueue$4.run(EventQueue.java:721) ~[?:?]
	at java.awt.EventQueue$4.run(EventQueue.java:715) ~[?:?]
	at java.security.AccessController.doPrivileged(AccessController.java:391) ~[?:?]
	at java.security.ProtectionDomain$JavaSecurityAccessImpl.doIntersectionPrivilege(ProtectionDomain.java:85) ~[?:?]
	at java.security.ProtectionDomain$JavaSecurityAccessImpl.doIntersectionPrivilege(ProtectionDomain.java:95) ~[?:?]
	at java.awt.EventQueue$5.run(EventQueue.java:745) ~[?:?]
	at java.awt.EventQueue$5.run(EventQueue.java:743) ~[?:?]
	at java.security.AccessController.doPrivileged(AccessController.java:391) ~[?:?]
	at java.security.ProtectionDomain$JavaSecurityAccessImpl.doIntersectionPrivilege(ProtectionDomain.java:85) ~[?:?]
	at java.awt.EventQueue.dispatchEvent(EventQueue.java:742) ~[?:?]
	at java.awt.EventDispatchThread.pumpOneEventForFilters(EventDispatchThread.java:203) ~[?:?]
	at java.awt.EventDispatchThread.pumpEventsForFilter(EventDispatchThread.java:124) ~[?:?]
	at java.awt.EventDispatchThread.pumpEventsForHierarchy(EventDispatchThread.java:113) ~[?:?]
	at java.awt.EventDispatchThread.pumpEvents(EventDispatchThread.java:109) ~[?:?]
	at java.awt.EventDispatchThread.pumpEvents(EventDispatchThread.java:101) ~[?:?]
	at java.awt.EventDispatchThread.run(EventDispatchThread.java:90) ~[?:?]
2023-01-04 12:50:42,476 INFO o.a.j.p.h.p.ProxyControl: Creating HTTP(S) Test Script Recorder Root CA in /Users/Valeryia_Babitskaya/Downloads/apache-jmeter-5.5/bin/proxyserver.jks, ensure you install certificate in your Browser for recording
2023-01-04 12:50:46,949 INFO o.a.j.p.h.p.ProxyControl: Created keystore in /Users/Valeryia_Babitskaya/Downloads/apache-jmeter-5.5/bin/proxyserver.jks
2023-01-04 12:50:46,963 INFO o.a.j.p.h.p.ProxyControl: Creating entry localhost in /Users/Valeryia_Babitskaya/Downloads/apache-jmeter-5.5/bin/proxyserver.jks
2023-01-04 12:50:49,958 INFO o.a.j.p.h.p.Daemon: Creating Daemon Socket on port: 8888
2023-01-04 12:50:49,985 INFO o.a.j.p.h.p.Daemon: Test Script Recorder up and running!
2023-01-04 12:50:54,288 INFO o.a.j.p.h.p.Proxy: Proxy will remove the headers: If-Modified-Since,If-None-Match,Host
2023-01-04 12:50:54,293 INFO o.a.j.p.h.p.ProxyControl: [51299]  Creating entry normandy.cdn.mozilla.net in /Users/Valeryia_Babitskaya/Downloads/apache-jmeter-5.5/bin/proxyserver.jks
2023-01-04 12:50:57,687 INFO o.a.j.p.h.p.Proxy: [51299]  KeyStore for SSL loaded OK and put host 'normandy.cdn.mozilla.net' in map with key (normandy.cdn.mozilla.net)
2023-01-04 12:50:57,880 WARN o.a.j.p.h.p.Proxy: [51299]  Problem with SSL certificate for url  for 'normandy.cdn.mozilla.net'? Ensure browser is set to accept the JMeter proxy cert: Received fatal alert: unknown_ca
2023-01-04 12:50:57,884 INFO o.a.j.s.SampleEvent: List of sample_variables: []
2023-01-04 12:50:57,893 INFO o.a.j.p.h.s.HTTPHCAbstractImpl: Local host = EPBYMINW11D9
2023-01-04 12:50:57,894 INFO o.a.j.p.h.p.ProxyControl: [51301]  Creating entry content-signature-2.cdn.mozilla.net in /Users/Valeryia_Babitskaya/Downloads/apache-jmeter-5.5/bin/proxyserver.jks
2023-01-04 12:50:57,918 INFO o.a.j.p.h.s.HTTPHC4Impl: HTTP request retry count = 0
2023-01-04 12:50:58,465 INFO o.a.j.p.h.p.ProxyControl: Add sample /canonical.html-1 into controller 
2023-01-04 12:51:00,936 INFO o.a.j.p.h.p.ProxyControl: [51308]  Creating entry mozilla.cloudflare-dns.com in /Users/Valeryia_Babitskaya/Downloads/apache-jmeter-5.5/bin/proxyserver.jks
2023-01-04 12:51:00,993 INFO o.a.j.p.h.p.Proxy: [51301]  KeyStore for SSL loaded OK and put host 'content-signature-2.cdn.mozilla.net' in map with key (content-signature-2.cdn.mozilla.net)
2023-01-04 12:51:01,054 WARN o.a.j.p.h.p.Proxy: [51301]  Problem with SSL certificate for url  for 'content-signature-2.cdn.mozilla.net'? Ensure browser is set to accept the JMeter proxy cert: Received fatal alert: unknown_ca
2023-01-04 12:51:01,104 WARN o.a.j.p.h.p.Proxy: [51309]  Problem with SSL certificate for url  for 'content-signature-2.cdn.mozilla.net'? Ensure browser is set to accept the JMeter proxy cert: Received fatal alert: unknown_ca
2023-01-04 12:51:01,169 WARN o.a.j.p.h.p.Proxy: [51312]  Problem with SSL certificate for url  for 'content-signature-2.cdn.mozilla.net'? Ensure browser is set to accept the JMeter proxy cert: Received fatal alert: unknown_ca
2023-01-04 12:51:01,229 WARN o.a.j.p.h.p.Proxy: [51317]  Problem with SSL certificate for url  for 'content-signature-2.cdn.mozilla.net'? Ensure browser is set to accept the JMeter proxy cert: Received fatal alert: unknown_ca
2023-01-04 12:51:01,286 WARN o.a.j.p.h.p.Proxy: [51320]  Problem with SSL certificate for url  for 'content-signature-2.cdn.mozilla.net'? Ensure browser is set to accept the JMeter proxy cert: Received fatal alert: unknown_ca
2023-01-04 12:51:01,291 INFO o.a.j.p.h.p.ProxyControl: Add sample /canonical.html-4 into controller 
2023-01-04 12:51:01,296 INFO o.a.j.p.h.p.ProxyControl: Add sample /canonical.html-7 into controller 
2023-01-04 12:51:01,367 WARN o.a.j.p.h.p.Proxy: [51325]  Problem with SSL certificate for url  for 'content-signature-2.cdn.mozilla.net'? Ensure browser is set to accept the JMeter proxy cert: Received fatal alert: unknown_ca
2023-01-04 12:51:01,423 WARN o.a.j.p.h.p.Proxy: [51328]  Problem with SSL certificate for url  for 'content-signature-2.cdn.mozilla.net'? Ensure browser is set to accept the JMeter proxy cert: Received fatal alert: unknown_ca
2023-01-04 12:51:01,470 WARN o.a.j.p.h.p.Proxy: [51329]  Problem with SSL certificate for url  for 'content-signature-2.cdn.mozilla.net'? Ensure browser is set to accept the JMeter proxy cert: Received fatal alert: unknown_ca
2023-01-04 12:51:01,502 INFO o.a.j.p.h.p.ProxyControl: Add sample /canonical.html-10 into controller 
2023-01-04 12:51:01,636 WARN o.a.j.p.h.p.Proxy: [51334]  Problem with SSL certificate for url  for 'content-signature-2.cdn.mozilla.net'? Ensure browser is set to accept the JMeter proxy cert: Received fatal alert: unknown_ca
2023-01-04 12:51:01,678 WARN o.a.j.p.h.p.Proxy: [51341]  Problem with SSL certificate for url  for 'content-signature-2.cdn.mozilla.net'? Ensure browser is set to accept the JMeter proxy cert: Received fatal alert: unknown_ca
2023-01-04 12:51:01,704 INFO o.a.j.p.h.p.ProxyControl: Add sample /canonical.html-13 into controller 
2023-01-04 12:51:01,710 INFO o.a.j.p.h.p.ProxyControl: Add sample /canonical.html-16 into controller 
2023-01-04 12:51:01,726 WARN o.a.j.p.h.p.Proxy: [51344]  Problem with SSL certificate for url  for 'content-signature-2.cdn.mozilla.net'? Ensure browser is set to accept the JMeter proxy cert: Received fatal alert: unknown_ca
2023-01-04 12:51:01,813 WARN o.a.j.p.h.p.Proxy: [51349]  Problem with SSL certificate for url  for 'content-signature-2.cdn.mozilla.net'? Ensure browser is set to accept the JMeter proxy cert: Received fatal alert: unknown_ca
2023-01-04 12:51:01,872 WARN o.a.j.p.h.p.Proxy: [51356]  Problem with SSL certificate for url  for 'content-signature-2.cdn.mozilla.net'? Ensure browser is set to accept the JMeter proxy cert: Received fatal alert: unknown_ca
2023-01-04 12:51:01,906 INFO o.a.j.p.h.p.ProxyControl: Add sample /canonical.html-19 into controller 
2023-01-04 12:51:01,911 INFO o.a.j.p.h.p.ProxyControl: Add sample /canonical.html-22 into controller 
2023-01-04 12:51:01,935 WARN o.a.j.p.h.p.Proxy: [51359]  Problem with SSL certificate for url  for 'content-signature-2.cdn.mozilla.net'? Ensure browser is set to accept the JMeter proxy cert: Received fatal alert: unknown_ca
2023-01-04 12:51:02,007 WARN o.a.j.p.h.p.Proxy: [51364]  Problem with SSL certificate for url  for 'content-signature-2.cdn.mozilla.net'? Ensure browser is set to accept the JMeter proxy cert: Received fatal alert: unknown_ca
2023-01-04 12:51:02,047 WARN o.a.j.p.h.p.Proxy: [51367]  Problem with SSL certificate for url  for 'content-signature-2.cdn.mozilla.net'? Ensure browser is set to accept the JMeter proxy cert: Received fatal alert: unknown_ca
2023-01-04 12:51:02,091 WARN o.a.j.p.h.p.Proxy: [51372]  Problem with SSL certificate for url  for 'content-signature-2.cdn.mozilla.net'? Ensure browser is set to accept the JMeter proxy cert: Received fatal alert: unknown_ca
2023-01-04 12:51:02,111 INFO o.a.j.p.h.p.ProxyControl: Add sample /canonical.html-25 into controller 
2023-01-04 12:51:02,120 INFO o.a.j.p.h.p.ProxyControl: Add sample /canonical.html-28 into controller 
2023-01-04 12:51:02,170 WARN o.a.j.p.h.p.Proxy: [51375]  Problem with SSL certificate for url  for 'content-signature-2.cdn.mozilla.net'? Ensure browser is set to accept the JMeter proxy cert: Received fatal alert: unknown_ca
2023-01-04 12:51:02,236 WARN o.a.j.p.h.p.Proxy: [51380]  Problem with SSL certificate for url  for 'content-signature-2.cdn.mozilla.net'? Ensure browser is set to accept the JMeter proxy cert: Received fatal alert: unknown_ca
2023-01-04 12:51:02,275 WARN o.a.j.p.h.p.Proxy: [51385]  Problem with SSL certificate for url  for 'content-signature-2.cdn.mozilla.net'? Ensure browser is set to accept the JMeter proxy cert: Received fatal alert: unknown_ca
2023-01-04 12:51:02,315 INFO o.a.j.p.h.p.ProxyControl: Add sample /canonical.html-31 into controller 
2023-01-04 12:51:02,319 INFO o.a.j.p.h.p.ProxyControl: Add sample /canonical.html-34 into controller 
2023-01-04 12:51:02,322 WARN o.a.j.p.h.p.Proxy: [51390]  Problem with SSL certificate for url  for 'content-signature-2.cdn.mozilla.net'? Ensure browser is set to accept the JMeter proxy cert: Received fatal alert: unknown_ca
2023-01-04 12:51:02,439 WARN o.a.j.p.h.p.Proxy: [51395]  Problem with SSL certificate for url  for 'content-signature-2.cdn.mozilla.net'? Ensure browser is set to accept the JMeter proxy cert: Received fatal alert: unknown_ca
2023-01-04 12:51:02,488 WARN o.a.j.p.h.p.Proxy: [51402]  Problem with SSL certificate for url  for 'content-signature-2.cdn.mozilla.net'? Ensure browser is set to accept the JMeter proxy cert: Received fatal alert: unknown_ca
2023-01-04 12:51:02,515 INFO o.a.j.p.h.p.ProxyControl: Add sample /canonical.html-37 into controller 
2023-01-04 12:51:02,573 WARN o.a.j.p.h.p.Proxy: [51405]  Problem with SSL certificate for url  for 'content-signature-2.cdn.mozilla.net'? Ensure browser is set to accept the JMeter proxy cert: Received fatal alert: unknown_ca
2023-01-04 12:51:02,636 WARN o.a.j.p.h.p.Proxy: [51410]  Problem with SSL certificate for url  for 'content-signature-2.cdn.mozilla.net'? Ensure browser is set to accept the JMeter proxy cert: Received fatal alert: unknown_ca
2023-01-04 12:51:02,678 WARN o.a.j.p.h.p.Proxy: [51413]  Problem with SSL certificate for url  for 'content-signature-2.cdn.mozilla.net'? Ensure browser is set to accept the JMeter proxy cert: Received fatal alert: unknown_ca
2023-01-04 12:51:02,716 INFO o.a.j.p.h.p.ProxyControl: Add sample /canonical.html-40 into controller 
2023-01-04 12:51:02,716 WARN o.a.j.p.h.p.Proxy: [51418]  Problem with SSL certificate for url  for 'content-signature-2.cdn.mozilla.net'? Ensure browser is set to accept the JMeter proxy cert: Received fatal alert: unknown_ca
2023-01-04 12:51:02,722 INFO o.a.j.p.h.p.ProxyControl: Add sample /canonical.html-43 into controller 
2023-01-04 12:51:02,795 WARN o.a.j.p.h.p.Proxy: [51421]  Problem with SSL certificate for url  for 'content-signature-2.cdn.mozilla.net'? Ensure browser is set to accept the JMeter proxy cert: Received fatal alert: unknown_ca
2023-01-04 12:51:02,857 WARN o.a.j.p.h.p.Proxy: [51426]  Problem with SSL certificate for url  for 'content-signature-2.cdn.mozilla.net'? Ensure browser is set to accept the JMeter proxy cert: Received fatal alert: unknown_ca
2023-01-04 12:51:02,907 WARN o.a.j.p.h.p.Proxy: [51429]  Problem with SSL certificate for url  for 'content-signature-2.cdn.mozilla.net'? Ensure browser is set to accept the JMeter proxy cert: Received fatal alert: unknown_ca
2023-01-04 12:51:02,919 INFO o.a.j.p.h.p.ProxyControl: Add sample /canonical.html-46 into controller 
2023-01-04 12:51:02,923 INFO o.a.j.p.h.p.ProxyControl: Add sample /canonical.html-49 into controller 
2023-01-04 12:51:02,976 WARN o.a.j.p.h.p.Proxy: [51434]  Problem with SSL certificate for url  for 'content-signature-2.cdn.mozilla.net'? Ensure browser is set to accept the JMeter proxy cert: Received fatal alert: unknown_ca
2023-01-04 12:51:03,028 WARN o.a.j.p.h.p.Proxy: [51441]  Problem with SSL certificate for url  for 'content-signature-2.cdn.mozilla.net'? Ensure browser is set to accept the JMeter proxy cert: Received fatal alert: unknown_ca
2023-01-04 12:51:03,075 WARN o.a.j.p.h.p.Proxy: [51444]  Problem with SSL certificate for url  for 'content-signature-2.cdn.mozilla.net'? Ensure browser is set to accept the JMeter proxy cert: Received fatal alert: unknown_ca
2023-01-04 12:51:03,120 WARN o.a.j.p.h.p.Proxy: [51449]  Problem with SSL certificate for url  for 'content-signature-2.cdn.mozilla.net'? Ensure browser is set to accept the JMeter proxy cert: Received fatal alert: unknown_ca
2023-01-04 12:51:03,122 INFO o.a.j.p.h.p.ProxyControl: Add sample /canonical.html-52 into controller 
2023-01-04 12:51:03,153 INFO o.a.j.p.h.p.ProxyControl: Add sample /canonical.html-55 into controller 
2023-01-04 12:51:03,183 INFO o.a.j.p.h.p.ProxyControl: Add sample /canonical.html-58 into controller 
2023-01-04 12:51:03,246 WARN o.a.j.p.h.p.Proxy: [51454]  Problem with SSL certificate for url  for 'content-signature-2.cdn.mozilla.net'? Ensure browser is set to accept the JMeter proxy cert: Received fatal alert: unknown_ca
2023-01-04 12:51:03,473 WARN o.a.j.p.h.p.Proxy: [51457]  Problem with SSL certificate for url  for 'content-signature-2.cdn.mozilla.net'? Ensure browser is set to accept the JMeter proxy cert: Received fatal alert: unknown_ca
2023-01-04 12:51:03,519 WARN o.a.j.p.h.p.Proxy: [51460]  Problem with SSL certificate for url  for 'content-signature-2.cdn.mozilla.net'? Ensure browser is set to accept the JMeter proxy cert: Received fatal alert: unknown_ca
2023-01-04 12:51:03,529 INFO o.a.j.p.h.p.ProxyControl: Add sample /canonical.html-61 into controller 
2023-01-04 12:51:03,574 WARN o.a.j.p.h.p.Proxy: [51461]  Problem with SSL certificate for url  for 'content-signature-2.cdn.mozilla.net'? Ensure browser is set to accept the JMeter proxy cert: Received fatal alert: unknown_ca
2023-01-04 12:51:03,729 INFO o.a.j.p.h.p.ProxyControl: Add sample /canonical.html-64 into controller 
2023-01-04 12:51:05,095 INFO o.a.j.p.h.p.Proxy: [51308]  KeyStore for SSL loaded OK and put host 'mozilla.cloudflare-dns.com' in map with key (mozilla.cloudflare-dns.com)
2023-01-04 12:51:05,136 WARN o.a.j.p.h.p.Proxy: [51308]  Problem with SSL certificate for url  for 'mozilla.cloudflare-dns.com'? Ensure browser is set to accept the JMeter proxy cert: Received fatal alert: unknown_ca
2023-01-04 12:51:07,531 INFO o.a.j.p.h.p.ProxyControl: [51475]  Creating entry fonts.googleapis.com in /Users/Valeryia_Babitskaya/Downloads/apache-jmeter-5.5/bin/proxyserver.jks
2023-01-04 12:51:07,587 INFO o.a.j.p.h.p.ProxyControl: Add sample /blog/-67 into controller 
2023-01-04 12:51:07,792 INFO o.a.j.p.h.p.ProxyControl: Add sample /blog/en-us.res.axd-72 into controller 
2023-01-04 12:51:07,797 INFO o.a.j.p.h.p.ProxyControl: Add sample /blog/WebResource.axd-83 into controller 
2023-01-04 12:51:10,366 INFO o.a.j.p.h.p.Proxy: [51475]  KeyStore for SSL loaded OK and put host 'fonts.googleapis.com' in map with key (fonts.googleapis.com)
2023-01-04 12:51:10,401 WARN o.a.j.p.h.p.Proxy: [51475]  Problem with SSL certificate for url  for 'fonts.googleapis.com'? Ensure browser is set to accept the JMeter proxy cert: Received fatal alert: unknown_ca
2023-01-04 12:51:10,628 INFO o.a.j.p.h.p.ProxyControl: Add sample /canonical.html-84 into controller 
2023-01-04 12:51:24,290 INFO o.a.j.e.StandardJMeterEngine: Running the test!
2023-01-04 12:51:24,291 INFO o.a.j.s.SampleEvent: List of sample_variables: []
2023-01-04 12:51:24,297 INFO o.a.j.g.u.JMeterMenuBar: setRunning(true, *local*)
2023-01-04 12:51:24,352 INFO o.a.j.e.StandardJMeterEngine: Running the test!
2023-01-04 12:51:24,353 INFO o.a.j.s.SampleEvent: List of sample_variables: []
2023-01-04 12:51:24,355 INFO o.a.j.g.u.JMeterMenuBar: setRunning(true, *local*)
2023-01-04 12:51:24,405 INFO o.a.j.e.StandardJMeterEngine: Starting ThreadGroup: 1 : Thread Group
2023-01-04 12:51:24,405 INFO o.a.j.e.StandardJMeterEngine: Starting ThreadGroup: 1 : Thread Group
2023-01-04 12:51:24,406 INFO o.a.j.e.StandardJMeterEngine: Starting 1 threads for group Thread Group.
2023-01-04 12:51:24,406 INFO o.a.j.e.StandardJMeterEngine: Starting 1 threads for group Thread Group.
2023-01-04 12:51:24,406 INFO o.a.j.e.StandardJMeterEngine: Thread will continue on error
2023-01-04 12:51:24,406 INFO o.a.j.e.StandardJMeterEngine: Thread will continue on error
2023-01-04 12:51:24,406 INFO o.a.j.t.ThreadGroup: Starting thread group... number=1 threads=1 ramp-up=1 delayedStart=false
2023-01-04 12:51:24,406 INFO o.a.j.t.ThreadGroup: Starting thread group... number=1 threads=1 ramp-up=1 delayedStart=false
2023-01-04 12:51:24,410 INFO o.a.j.t.ThreadGroup: Started thread group number 1
2023-01-04 12:51:24,410 INFO o.a.j.t.ThreadGroup: Started thread group number 1
2023-01-04 12:51:24,410 INFO o.a.j.e.StandardJMeterEngine: All thread groups have been started
2023-01-04 12:51:24,411 INFO o.a.j.e.StandardJMeterEngine: All thread groups have been started
2023-01-04 12:51:24,415 INFO o.a.j.t.JMeterThread: Thread started: Thread Group 1-1
2023-01-04 12:51:24,415 INFO o.a.j.t.JMeterThread: Thread started: Thread Group 1-1
2023-01-04 12:51:25,271 INFO o.a.j.s.FileServer: Stored: /Users/Valeryia_Babitskaya/Downloads/apache-jmeter-5.5/1tests/list_task02.csv
2023-01-04 12:51:25,541 INFO o.a.j.t.JMeterThread: Thread is done: Thread Group 1-1
2023-01-04 12:51:25,542 INFO o.a.j.t.JMeterThread: Thread finished: Thread Group 1-1
2023-01-04 12:51:25,542 INFO o.a.j.e.StandardJMeterEngine: Notifying test listeners of end of test
2023-01-04 12:51:25,543 INFO o.a.j.s.FileServer: Close: /Users/Valeryia_Babitskaya/Downloads/apache-jmeter-5.5/1tests/list_task02.csv
2023-01-04 12:51:25,546 INFO o.a.j.g.u.JMeterMenuBar: setRunning(false, *local*)
2023-01-04 12:51:28,001 INFO o.a.j.t.JMeterThread: Thread is done: Thread Group 1-1
2023-01-04 12:51:28,002 INFO o.a.j.t.JMeterThread: Thread finished: Thread Group 1-1
2023-01-04 12:51:28,002 INFO o.a.j.e.StandardJMeterEngine: Notifying test listeners of end of test
2023-01-04 12:51:28,002 INFO o.a.j.g.u.JMeterMenuBar: setRunning(false, *local*)
2023-01-04 12:52:09,173 WARN o.a.j.p.h.p.Proxy: [51529]  Problem with SSL certificate for url  for 'mozilla.cloudflare-dns.com'? Ensure browser is set to accept the JMeter proxy cert: Received fatal alert: unknown_ca
2023-01-04 12:52:25,408 INFO o.a.j.e.StandardJMeterEngine: Running the test!
2023-01-04 12:52:25,409 INFO o.a.j.s.SampleEvent: List of sample_variables: []
2023-01-04 12:52:25,411 INFO o.a.j.g.u.JMeterMenuBar: setRunning(true, *local*)
2023-01-04 12:52:25,471 INFO o.a.j.e.StandardJMeterEngine: Starting ThreadGroup: 1 : Thread Group
2023-01-04 12:52:25,471 INFO o.a.j.e.StandardJMeterEngine: Starting 2 threads for group Thread Group.
2023-01-04 12:52:25,472 INFO o.a.j.e.StandardJMeterEngine: Thread will continue on error
2023-01-04 12:52:25,472 INFO o.a.j.t.ThreadGroup: Starting thread group... number=1 threads=2 ramp-up=1 delayedStart=false
2023-01-04 12:52:25,474 INFO o.a.j.t.ThreadGroup: Started thread group number 1
2023-01-04 12:52:25,474 INFO o.a.j.t.JMeterThread: Thread started: Thread Group 1-1
2023-01-04 12:52:25,474 INFO o.a.j.e.StandardJMeterEngine: All thread groups have been started
2023-01-04 12:52:25,685 INFO o.a.j.s.FileServer: Stored: /Users/Valeryia_Babitskaya/Downloads/apache-jmeter-5.5/1tests/list_task02.csv
2023-01-04 12:52:25,977 INFO o.a.j.t.JMeterThread: Thread started: Thread Group 1-2
2023-01-04 12:52:43,390 INFO o.a.j.t.JMeterThread: Thread is done: Thread Group 1-1
2023-01-04 12:52:43,391 INFO o.a.j.t.JMeterThread: Thread finished: Thread Group 1-1
2023-01-04 12:52:44,567 INFO o.a.j.t.JMeterThread: Thread is done: Thread Group 1-2
2023-01-04 12:52:44,567 INFO o.a.j.t.JMeterThread: Thread finished: Thread Group 1-2
2023-01-04 12:52:44,567 INFO o.a.j.e.StandardJMeterEngine: Notifying test listeners of end of test
2023-01-04 12:52:44,568 INFO o.a.j.s.FileServer: Close: /Users/Valeryia_Babitskaya/Downloads/apache-jmeter-5.5/1tests/list_task02.csv
2023-01-04 12:52:44,568 INFO o.a.j.g.u.JMeterMenuBar: setRunning(false, *local*)
2023-01-04 12:52:54,275 INFO o.a.j.p.h.p.ProxyControl: [51541]  Creating entry firefox.settings.services.mozilla.com in /Users/Valeryia_Babitskaya/Downloads/apache-jmeter-5.5/bin/proxyserver.jks
2023-01-04 12:52:57,690 INFO o.a.j.p.h.p.Proxy: [51541]  KeyStore for SSL loaded OK and put host 'firefox.settings.services.mozilla.com' in map with key (firefox.settings.services.mozilla.com)
2023-01-04 12:52:57,725 WARN o.a.j.p.h.p.Proxy: [51541]  Problem with SSL certificate for url  for 'firefox.settings.services.mozilla.com'? Ensure browser is set to accept the JMeter proxy cert: Received fatal alert: unknown_ca
2023-01-04 12:52:57,943 INFO o.a.j.p.h.p.ProxyControl: Add sample /canonical.html-88 into controller 
2023-01-04 12:52:58,237 WARN o.a.j.p.h.p.Proxy: [51556]  Problem with SSL certificate for url  for 'firefox.settings.services.mozilla.com'? Ensure browser is set to accept the JMeter proxy cert: Received fatal alert: unknown_ca
2023-01-04 12:52:58,307 WARN o.a.j.p.h.p.Proxy: [51559]  Problem with SSL certificate for url  for 'content-signature-2.cdn.mozilla.net'? Ensure browser is set to accept the JMeter proxy cert: Received fatal alert: unknown_ca
2023-01-04 12:52:58,344 INFO o.a.j.p.h.p.ProxyControl: Add sample /-89 into controller 
2023-01-04 12:52:58,358 INFO o.a.j.p.h.p.ProxyControl: Add sample /canonical.html-92 into controller 
2023-01-04 12:52:58,550 INFO o.a.j.p.h.p.ProxyControl: Add sample /canonical.html-95 into controller 
2023-01-04 12:52:58,554 INFO o.a.j.p.h.p.ProxyControl: Add sample /-98 into controller 
2023-01-04 12:52:58,655 WARN o.a.j.p.h.p.Proxy: [51573]  Problem with SSL certificate for url  for 'firefox.settings.services.mozilla.com'? Ensure browser is set to accept the JMeter proxy cert: Received fatal alert: unknown_ca
2023-01-04 12:52:58,720 WARN o.a.j.p.h.p.Proxy: [51576]  Problem with SSL certificate for url  for 'content-signature-2.cdn.mozilla.net'? Ensure browser is set to accept the JMeter proxy cert: Received fatal alert: unknown_ca
2023-01-04 12:52:58,745 INFO o.a.j.p.h.p.ProxyControl: Add sample /canonical.html-99 into controller 
2023-01-04 12:52:58,799 WARN o.a.j.p.h.p.Proxy: [51581]  Problem with SSL certificate for url  for 'firefox.settings.services.mozilla.com'? Ensure browser is set to accept the JMeter proxy cert: Received fatal alert: unknown_ca
2023-01-04 12:52:58,920 WARN o.a.j.p.h.p.Proxy: [51584]  Problem with SSL certificate for url  for 'content-signature-2.cdn.mozilla.net'? Ensure browser is set to accept the JMeter proxy cert: Received fatal alert: unknown_ca
2023-01-04 12:52:58,949 INFO o.a.j.p.h.p.ProxyControl: Add sample /canonical.html-102 into controller 
2023-01-04 12:52:59,003 WARN o.a.j.p.h.p.Proxy: [51591]  Problem with SSL certificate for url  for 'firefox.settings.services.mozilla.com'? Ensure browser is set to accept the JMeter proxy cert: Received fatal alert: unknown_ca
2023-01-04 12:52:59,089 WARN o.a.j.p.h.p.Proxy: [51598]  Problem with SSL certificate for url  for 'content-signature-2.cdn.mozilla.net'? Ensure browser is set to accept the JMeter proxy cert: Received fatal alert: unknown_ca
2023-01-04 12:52:59,152 INFO o.a.j.p.h.p.ProxyControl: Add sample /canonical.html-105 into controller 
2023-01-04 12:52:59,156 INFO o.a.j.p.h.p.ProxyControl: Add sample /canonical.html-108 into controller 
2023-01-04 12:52:59,158 INFO o.a.j.p.h.p.ProxyControl: Add sample /canonical.html-111 into controller 
2023-01-04 12:52:59,184 WARN o.a.j.p.h.p.Proxy: [51605]  Problem with SSL certificate for url  for 'firefox.settings.services.mozilla.com'? Ensure browser is set to accept the JMeter proxy cert: Received fatal alert: unknown_ca
2023-01-04 12:52:59,282 WARN o.a.j.p.h.p.Proxy: [51612]  Problem with SSL certificate for url  for 'content-signature-2.cdn.mozilla.net'? Ensure browser is set to accept the JMeter proxy cert: Received fatal alert: unknown_ca
2023-01-04 12:52:59,354 INFO o.a.j.p.h.p.ProxyControl: Add sample /canonical.html-114 into controller 
2023-01-04 12:52:59,357 INFO o.a.j.p.h.p.ProxyControl: Add sample /canonical.html-117 into controller 
2023-01-04 12:53:13,205 WARN o.a.j.p.h.p.Proxy: [51624]  Problem with SSL certificate for url  for 'mozilla.cloudflare-dns.com'? Ensure browser is set to accept the JMeter proxy cert: Received fatal alert: unknown_ca
2023-01-04 12:54:10,908 INFO o.a.j.e.StandardJMeterEngine: Running the test!
2023-01-04 12:54:10,909 INFO o.a.j.s.SampleEvent: List of sample_variables: []
2023-01-04 12:54:10,911 INFO o.a.j.g.u.JMeterMenuBar: setRunning(true, *local*)
2023-01-04 12:54:10,958 INFO o.a.j.e.StandardJMeterEngine: Starting ThreadGroup: 1 : Thread Group
2023-01-04 12:54:10,959 INFO o.a.j.e.StandardJMeterEngine: Starting 2 threads for group Thread Group.
2023-01-04 12:54:10,959 INFO o.a.j.e.StandardJMeterEngine: Thread will continue on error
2023-01-04 12:54:10,959 INFO o.a.j.t.ThreadGroup: Starting thread group... number=1 threads=2 ramp-up=1 delayedStart=false
2023-01-04 12:54:10,961 INFO o.a.j.t.JMeterThread: Thread started: Thread Group 1-1
2023-01-04 12:54:10,962 INFO o.a.j.t.ThreadGroup: Started thread group number 1
2023-01-04 12:54:10,962 INFO o.a.j.e.StandardJMeterEngine: All thread groups have been started
2023-01-04 12:54:11,466 INFO o.a.j.t.JMeterThread: Thread started: Thread Group 1-2
2023-01-04 12:54:13,339 INFO o.a.j.s.FileServer: Stored: /Users/Valeryia_Babitskaya/Downloads/apache-jmeter-5.5/1tests/list_task02.csv
2023-01-04 12:54:17,235 WARN o.a.j.p.h.p.Proxy: [51641]  Problem with SSL certificate for url  for 'mozilla.cloudflare-dns.com'? Ensure browser is set to accept the JMeter proxy cert: Received fatal alert: unknown_ca
2023-01-04 12:54:25,589 INFO o.a.j.t.JMeterThread: Thread is done: Thread Group 1-1
2023-01-04 12:54:25,589 INFO o.a.j.t.JMeterThread: Thread finished: Thread Group 1-1
2023-01-04 12:54:25,771 INFO o.a.j.t.JMeterThread: Thread is done: Thread Group 1-2
2023-01-04 12:54:25,771 INFO o.a.j.t.JMeterThread: Thread finished: Thread Group 1-2
2023-01-04 12:54:25,771 INFO o.a.j.e.StandardJMeterEngine: Notifying test listeners of end of test
2023-01-04 12:54:25,771 INFO o.a.j.s.FileServer: Close: /Users/Valeryia_Babitskaya/Downloads/apache-jmeter-5.5/1tests/list_task02.csv
2023-01-04 12:54:25,772 INFO o.a.j.g.u.JMeterMenuBar: setRunning(false, *local*)
2023-01-04 12:54:34,013 WARN o.a.j.p.h.p.Proxy: [51647]  Problem with SSL certificate for url  for 'normandy.cdn.mozilla.net'? Ensure browser is set to accept the JMeter proxy cert: Received fatal alert: unknown_ca
2023-01-04 12:54:34,088 WARN o.a.j.p.h.p.Proxy: [51651]  Problem with SSL certificate for url  for 'content-signature-2.cdn.mozilla.net'? Ensure browser is set to accept the JMeter proxy cert: Received fatal alert: unknown_ca
2023-01-04 12:54:34,140 WARN o.a.j.p.h.p.Proxy: [51652]  Problem with SSL certificate for url  for 'content-signature-2.cdn.mozilla.net'? Ensure browser is set to accept the JMeter proxy cert: Received fatal alert: unknown_ca
2023-01-04 12:54:34,176 WARN o.a.j.p.h.p.Proxy: [51653]  Problem with SSL certificate for url  for 'content-signature-2.cdn.mozilla.net'? Ensure browser is set to accept the JMeter proxy cert: Received fatal alert: unknown_ca
2023-01-04 12:54:34,212 WARN o.a.j.p.h.p.Proxy: [51655]  Problem with SSL certificate for url  for 'content-signature-2.cdn.mozilla.net'? Ensure browser is set to accept the JMeter proxy cert: Received fatal alert: unknown_ca
2023-01-04 12:54:34,247 WARN o.a.j.p.h.p.Proxy: [51656]  Problem with SSL certificate for url  for 'content-signature-2.cdn.mozilla.net'? Ensure browser is set to accept the JMeter proxy cert: Received fatal alert: unknown_ca
2023-01-04 12:54:34,280 WARN o.a.j.p.h.p.Proxy: [51657]  Problem with SSL certificate for url  for 'content-signature-2.cdn.mozilla.net'? Ensure browser is set to accept the JMeter proxy cert: Received fatal alert: unknown_ca
2023-01-04 12:54:34,314 INFO o.a.j.p.h.p.ProxyControl: Add sample /canonical.html-120 into controller 
2023-01-04 12:54:34,319 WARN o.a.j.p.h.p.Proxy: [51658]  Problem with SSL certificate for url  for 'content-signature-2.cdn.mozilla.net'? Ensure browser is set to accept the JMeter proxy cert: Received fatal alert: unknown_ca
2023-01-04 12:54:34,375 WARN o.a.j.p.h.p.Proxy: [51663]  Problem with SSL certificate for url  for 'content-signature-2.cdn.mozilla.net'? Ensure browser is set to accept the JMeter proxy cert: Received fatal alert: unknown_ca
2023-01-04 12:54:34,412 WARN o.a.j.p.h.p.Proxy: [51666]  Problem with SSL certificate for url  for 'content-signature-2.cdn.mozilla.net'? Ensure browser is set to accept the JMeter proxy cert: Received fatal alert: unknown_ca
2023-01-04 12:54:34,445 WARN o.a.j.p.h.p.Proxy: [51671]  Problem with SSL certificate for url  for 'content-signature-2.cdn.mozilla.net'? Ensure browser is set to accept the JMeter proxy cert: Received fatal alert: unknown_ca
2023-01-04 12:54:34,480 WARN o.a.j.p.h.p.Proxy: [51674]  Problem with SSL certificate for url  for 'content-signature-2.cdn.mozilla.net'? Ensure browser is set to accept the JMeter proxy cert: Received fatal alert: unknown_ca
2023-01-04 12:54:34,512 WARN o.a.j.p.h.p.Proxy: [51679]  Problem with SSL certificate for url  for 'content-signature-2.cdn.mozilla.net'? Ensure browser is set to accept the JMeter proxy cert: Received fatal alert: unknown_ca
2023-01-04 12:54:34,518 INFO o.a.j.p.h.p.ProxyControl: Add sample /canonical.html-123 into controller 
2023-01-04 12:54:34,520 INFO o.a.j.p.h.p.ProxyControl: Add sample /canonical.html-126 into controller 
2023-01-04 12:54:34,585 WARN o.a.j.p.h.p.Proxy: [51682]  Problem with SSL certificate for url  for 'content-signature-2.cdn.mozilla.net'? Ensure browser is set to accept the JMeter proxy cert: Received fatal alert: unknown_ca
2023-01-04 12:54:34,651 WARN o.a.j.p.h.p.Proxy: [51687]  Problem with SSL certificate for url  for 'content-signature-2.cdn.mozilla.net'? Ensure browser is set to accept the JMeter proxy cert: Received fatal alert: unknown_ca
2023-01-04 12:54:34,704 WARN o.a.j.p.h.p.Proxy: [51690]  Problem with SSL certificate for url  for 'content-signature-2.cdn.mozilla.net'? Ensure browser is set to accept the JMeter proxy cert: Received fatal alert: unknown_ca
2023-01-04 12:54:34,722 INFO o.a.j.p.h.p.ProxyControl: Add sample /canonical.html-129 into controller 
2023-01-04 12:54:34,767 WARN o.a.j.p.h.p.Proxy: [51691]  Problem with SSL certificate for url  for 'content-signature-2.cdn.mozilla.net'? Ensure browser is set to accept the JMeter proxy cert: Received fatal alert: unknown_ca
2023-01-04 12:54:34,826 WARN o.a.j.p.h.p.Proxy: [51692]  Problem with SSL certificate for url  for 'content-signature-2.cdn.mozilla.net'? Ensure browser is set to accept the JMeter proxy cert: Received fatal alert: unknown_ca
2023-01-04 12:54:34,897 WARN o.a.j.p.h.p.Proxy: [51697]  Problem with SSL certificate for url  for 'content-signature-2.cdn.mozilla.net'? Ensure browser is set to accept the JMeter proxy cert: Received fatal alert: unknown_ca
2023-01-04 12:54:34,924 INFO o.a.j.p.h.p.ProxyControl: Add sample /canonical.html-132 into controller 
2023-01-04 12:54:34,928 INFO o.a.j.p.h.p.ProxyControl: Add sample /canonical.html-135 into controller 
2023-01-04 12:54:34,978 WARN o.a.j.p.h.p.Proxy: [51704]  Problem with SSL certificate for url  for 'content-signature-2.cdn.mozilla.net'? Ensure browser is set to accept the JMeter proxy cert: Received fatal alert: unknown_ca
2023-01-04 12:54:35,030 WARN o.a.j.p.h.p.Proxy: [51711]  Problem with SSL certificate for url  for 'content-signature-2.cdn.mozilla.net'? Ensure browser is set to accept the JMeter proxy cert: Received fatal alert: unknown_ca
2023-01-04 12:54:35,107 WARN o.a.j.p.h.p.Proxy: [51714]  Problem with SSL certificate for url  for 'content-signature-2.cdn.mozilla.net'? Ensure browser is set to accept the JMeter proxy cert: Received fatal alert: unknown_ca
2023-01-04 12:54:35,131 INFO o.a.j.p.h.p.ProxyControl: Add sample /canonical.html-138 into controller 
2023-01-04 12:54:35,135 INFO o.a.j.p.h.p.ProxyControl: Add sample /canonical.html-141 into controller 
2023-01-04 12:54:35,166 WARN o.a.j.p.h.p.Proxy: [51719]  Problem with SSL certificate for url  for 'content-signature-2.cdn.mozilla.net'? Ensure browser is set to accept the JMeter proxy cert: Received fatal alert: unknown_ca
2023-01-04 12:54:35,232 WARN o.a.j.p.h.p.Proxy: [51722]  Problem with SSL certificate for url  for 'content-signature-2.cdn.mozilla.net'? Ensure browser is set to accept the JMeter proxy cert: Received fatal alert: unknown_ca
2023-01-04 12:54:35,278 WARN o.a.j.p.h.p.Proxy: [51727]  Problem with SSL certificate for url  for 'content-signature-2.cdn.mozilla.net'? Ensure browser is set to accept the JMeter proxy cert: Received fatal alert: unknown_ca
2023-01-04 12:54:35,334 INFO o.a.j.p.h.p.ProxyControl: Add sample /canonical.html-144 into controller 
2023-01-04 12:54:35,337 WARN o.a.j.p.h.p.Proxy: [51730]  Problem with SSL certificate for url  for 'content-signature-2.cdn.mozilla.net'? Ensure browser is set to accept the JMeter proxy cert: Received fatal alert: unknown_ca
2023-01-04 12:54:35,404 WARN o.a.j.p.h.p.Proxy: [51731]  Problem with SSL certificate for url  for 'content-signature-2.cdn.mozilla.net'? Ensure browser is set to accept the JMeter proxy cert: Received fatal alert: unknown_ca
2023-01-04 12:54:35,448 WARN o.a.j.p.h.p.Proxy: [51736]  Problem with SSL certificate for url  for 'content-signature-2.cdn.mozilla.net'? Ensure browser is set to accept the JMeter proxy cert: Received fatal alert: unknown_ca
2023-01-04 12:54:35,504 WARN o.a.j.p.h.p.Proxy: [51739]  Problem with SSL certificate for url  for 'content-signature-2.cdn.mozilla.net'? Ensure browser is set to accept the JMeter proxy cert: Received fatal alert: unknown_ca
2023-01-04 12:54:35,537 INFO o.a.j.p.h.p.ProxyControl: Add sample /canonical.html-147 into controller 
2023-01-04 12:54:35,540 INFO o.a.j.p.h.p.ProxyControl: Add sample /canonical.html-150 into controller 
2023-01-04 12:54:35,567 WARN o.a.j.p.h.p.Proxy: [51744]  Problem with SSL certificate for url  for 'content-signature-2.cdn.mozilla.net'? Ensure browser is set to accept the JMeter proxy cert: Received fatal alert: unknown_ca
2023-01-04 12:54:35,623 WARN o.a.j.p.h.p.Proxy: [51747]  Problem with SSL certificate for url  for 'content-signature-2.cdn.mozilla.net'? Ensure browser is set to accept the JMeter proxy cert: Received fatal alert: unknown_ca
2023-01-04 12:54:35,683 WARN o.a.j.p.h.p.Proxy: [51752]  Problem with SSL certificate for url  for 'content-signature-2.cdn.mozilla.net'? Ensure browser is set to accept the JMeter proxy cert: Received fatal alert: unknown_ca
2023-01-04 12:54:35,731 WARN o.a.j.p.h.p.Proxy: [51755]  Problem with SSL certificate for url  for 'content-signature-2.cdn.mozilla.net'? Ensure browser is set to accept the JMeter proxy cert: Received fatal alert: unknown_ca
2023-01-04 12:54:35,737 INFO o.a.j.p.h.p.ProxyControl: Add sample /canonical.html-153 into controller 
2023-01-04 12:54:35,740 INFO o.a.j.p.h.p.ProxyControl: Add sample /canonical.html-156 into controller 
2023-01-04 12:54:35,780 WARN o.a.j.p.h.p.Proxy: [51760]  Problem with SSL certificate for url  for 'content-signature-2.cdn.mozilla.net'? Ensure browser is set to accept the JMeter proxy cert: Received fatal alert: unknown_ca
2023-01-04 12:54:35,842 WARN o.a.j.p.h.p.Proxy: [51763]  Problem with SSL certificate for url  for 'content-signature-2.cdn.mozilla.net'? Ensure browser is set to accept the JMeter proxy cert: Received fatal alert: unknown_ca
2023-01-04 12:54:35,888 WARN o.a.j.p.h.p.Proxy: [51769]  Problem with SSL certificate for url  for 'content-signature-2.cdn.mozilla.net'? Ensure browser is set to accept the JMeter proxy cert: Received fatal alert: unknown_ca
2023-01-04 12:54:35,932 WARN o.a.j.p.h.p.Proxy: [51771]  Problem with SSL certificate for url  for 'content-signature-2.cdn.mozilla.net'? Ensure browser is set to accept the JMeter proxy cert: Received fatal alert: unknown_ca
2023-01-04 12:54:35,942 INFO o.a.j.p.h.p.ProxyControl: Add sample /canonical.html-159 into controller 
2023-01-04 12:54:35,945 INFO o.a.j.p.h.p.ProxyControl: Add sample /canonical.html-162 into controller 
2023-01-04 12:54:35,990 WARN o.a.j.p.h.p.Proxy: [51776]  Problem with SSL certificate for url  for 'content-signature-2.cdn.mozilla.net'? Ensure browser is set to accept the JMeter proxy cert: Received fatal alert: unknown_ca
2023-01-04 12:54:36,050 WARN o.a.j.p.h.p.Proxy: [51779]  Problem with SSL certificate for url  for 'content-signature-2.cdn.mozilla.net'? Ensure browser is set to accept the JMeter proxy cert: Received fatal alert: unknown_ca
2023-01-04 12:54:36,141 INFO o.a.j.p.h.p.ProxyControl: Add sample /canonical.html-165 into controller 
2023-01-04 12:54:36,144 INFO o.a.j.p.h.p.ProxyControl: Add sample /canonical.html-168 into controller 
2023-01-04 12:54:54,279 INFO o.a.j.p.h.p.ProxyControl: [51791]  Creating entry services.addons.mozilla.org in /Users/Valeryia_Babitskaya/Downloads/apache-jmeter-5.5/bin/proxyserver.jks
2023-01-04 12:54:57,773 INFO o.a.j.p.h.p.Proxy: [51791]  KeyStore for SSL loaded OK and put host 'services.addons.mozilla.org' in map with key (services.addons.mozilla.org)
2023-01-04 12:54:57,805 WARN o.a.j.p.h.p.Proxy: [51791]  Problem with SSL certificate for url  for 'services.addons.mozilla.org'? Ensure browser is set to accept the JMeter proxy cert: Received fatal alert: unknown_ca
2023-01-04 12:54:57,808 INFO o.a.j.p.h.p.ProxyControl: [51792]  Creating entry versioncheck-bg.addons.mozilla.org in /Users/Valeryia_Babitskaya/Downloads/apache-jmeter-5.5/bin/proxyserver.jks
2023-01-04 12:54:57,964 INFO o.a.j.p.h.p.ProxyControl: Add sample /canonical.html-171 into controller 
2023-01-04 12:55:00,610 INFO o.a.j.p.h.p.ProxyControl: [51796]  Creating entry aus5.mozilla.org in /Users/Valeryia_Babitskaya/Downloads/apache-jmeter-5.5/bin/proxyserver.jks
2023-01-04 12:55:00,674 INFO o.a.j.p.h.p.Proxy: [51792]  KeyStore for SSL loaded OK and put host 'versioncheck-bg.addons.mozilla.org' in map with key (versioncheck-bg.addons.mozilla.org)
2023-01-04 12:55:00,708 WARN o.a.j.p.h.p.Proxy: [51792]  Problem with SSL certificate for url  for 'versioncheck-bg.addons.mozilla.org'? Ensure browser is set to accept the JMeter proxy cert: Received fatal alert: unknown_ca
2023-01-04 12:55:00,795 INFO o.a.j.p.h.p.ProxyControl: Add sample /canonical.html-174 into controller 
2023-01-04 12:55:03,866 INFO o.a.j.p.h.p.Proxy: [51796]  KeyStore for SSL loaded OK and put host 'aus5.mozilla.org' in map with key (aus5.mozilla.org)
2023-01-04 12:55:03,961 WARN o.a.j.p.h.p.Proxy: [51793]  Problem with SSL certificate for url  for 'versioncheck-bg.addons.mozilla.org'? Ensure browser is set to accept the JMeter proxy cert: Received fatal alert: unknown_ca
2023-01-04 12:55:03,961 WARN o.a.j.p.h.p.Proxy: [51796]  Problem with SSL certificate for url  for 'aus5.mozilla.org'? Ensure browser is set to accept the JMeter proxy cert: Received fatal alert: unknown_ca
2023-01-04 12:55:03,962 WARN o.a.j.p.h.p.Proxy: [51794]  Problem with SSL certificate for url  for 'versioncheck-bg.addons.mozilla.org'? Ensure browser is set to accept the JMeter proxy cert: Received fatal alert: unknown_ca
2023-01-04 12:55:03,963 WARN o.a.j.p.h.p.Proxy: [51795]  Problem with SSL certificate for url  for 'aus5.mozilla.org'? Ensure browser is set to accept the JMeter proxy cert: Received fatal alert: unknown_ca
2023-01-04 12:55:03,968 INFO o.a.j.p.h.p.ProxyControl: [51813]  Creating entry redirector.gvt1.com in /Users/Valeryia_Babitskaya/Downloads/apache-jmeter-5.5/bin/proxyserver.jks
2023-01-04 12:55:04,017 WARN o.a.j.p.h.p.Proxy: [51811]  Problem with SSL certificate for url  for 'aus5.mozilla.org'? Ensure browser is set to accept the JMeter proxy cert: Received fatal alert: unknown_ca
2023-01-04 12:55:04,231 INFO o.a.j.p.h.p.ProxyControl: Add sample /canonical.html-177 into controller 
2023-01-04 12:55:04,236 INFO o.a.j.p.h.p.ProxyControl: Add sample /openh264-macosx64-2e1774ab6dc6c43debb0b5b628bdf122a391d521.zip-178 into controller 
2023-01-04 12:55:07,796 INFO o.a.j.p.h.p.Proxy: [51813]  KeyStore for SSL loaded OK and put host 'redirector.gvt1.com' in map with key (redirector.gvt1.com)
2023-01-04 12:55:07,836 WARN o.a.j.p.h.p.Proxy: [51813]  Problem with SSL certificate for url  for 'redirector.gvt1.com'? Ensure browser is set to accept the JMeter proxy cert: Received fatal alert: unknown_ca
2023-01-04 12:55:08,067 INFO o.a.j.p.h.p.ProxyControl: Add sample /canonical.html-181 into controller 
2023-01-04 12:55:21,267 WARN o.a.j.p.h.p.Proxy: [51827]  Problem with SSL certificate for url  for 'mozilla.cloudflare-dns.com'? Ensure browser is set to accept the JMeter proxy cert: Received fatal alert: unknown_ca
2023-01-04 12:55:36,207 INFO o.a.j.p.h.p.ProxyControl: [51835]  Creating entry contile.services.mozilla.com in /Users/Valeryia_Babitskaya/Downloads/apache-jmeter-5.5/bin/proxyserver.jks
2023-01-04 12:55:39,864 INFO o.a.j.p.h.p.Proxy: [51835]  KeyStore for SSL loaded OK and put host 'contile.services.mozilla.com' in map with key (contile.services.mozilla.com)
2023-01-04 12:55:39,908 WARN o.a.j.p.h.p.Proxy: [51835]  Problem with SSL certificate for url  for 'contile.services.mozilla.com'? Ensure browser is set to accept the JMeter proxy cert: Received fatal alert: unknown_ca
2023-01-04 12:55:40,053 INFO o.a.j.p.h.p.ProxyControl: Add sample /canonical.html-184 into controller 
2023-01-04 12:56:25,303 WARN o.a.j.p.h.p.Proxy: [51925]  Problem with SSL certificate for url  for 'mozilla.cloudflare-dns.com'? Ensure browser is set to accept the JMeter proxy cert: Received fatal alert: unknown_ca
2023-01-04 12:56:54,211 INFO o.a.j.p.h.p.ProxyControl: [51937]  Creating entry push.services.mozilla.com in /Users/Valeryia_Babitskaya/Downloads/apache-jmeter-5.5/bin/proxyserver.jks
2023-01-04 12:56:57,956 INFO o.a.j.p.h.p.Proxy: [51937]  KeyStore for SSL loaded OK and put host 'push.services.mozilla.com' in map with key (push.services.mozilla.com)
2023-01-04 12:56:57,989 WARN o.a.j.p.h.p.Proxy: [51937]  Problem with SSL certificate for url  for 'push.services.mozilla.com'? Ensure browser is set to accept the JMeter proxy cert: Received fatal alert: unknown_ca
2023-01-04 12:56:58,151 INFO o.a.j.p.h.p.ProxyControl: Add sample /canonical.html-187 into controller 
2023-01-04 12:57:29,373 WARN o.a.j.p.h.p.Proxy: [51959]  Problem with SSL certificate for url  for 'mozilla.cloudflare-dns.com'? Ensure browser is set to accept the JMeter proxy cert: Received fatal alert: unknown_ca
2023-01-04 12:57:33,785 INFO o.a.j.e.StandardJMeterEngine: Running the test!
2023-01-04 12:57:33,786 INFO o.a.j.s.SampleEvent: List of sample_variables: []
2023-01-04 12:57:33,791 INFO o.a.j.g.u.JMeterMenuBar: setRunning(true, *local*)
2023-01-04 12:57:33,879 INFO o.a.j.e.StandardJMeterEngine: Starting ThreadGroup: 1 : Thread Group
2023-01-04 12:57:33,880 INFO o.a.j.e.StandardJMeterEngine: Starting 2 threads for group Thread Group.
2023-01-04 12:57:33,880 INFO o.a.j.e.StandardJMeterEngine: Thread will continue on error
2023-01-04 12:57:33,880 INFO o.a.j.t.ThreadGroup: Starting thread group... number=1 threads=2 ramp-up=1 delayedStart=false
2023-01-04 12:57:33,882 INFO o.a.j.t.ThreadGroup: Started thread group number 1
2023-01-04 12:57:33,882 INFO o.a.j.t.JMeterThread: Thread started: Thread Group 1-1
2023-01-04 12:57:33,883 INFO o.a.j.e.StandardJMeterEngine: All thread groups have been started
2023-01-04 12:57:34,227 INFO o.a.j.s.FileServer: Stored: /Users/Valeryia_Babitskaya/Downloads/apache-jmeter-5.5/1tests/list_task02.csv
2023-01-04 12:57:34,383 INFO o.a.j.t.JMeterThread: Thread started: Thread Group 1-2
2023-01-04 12:58:07,884 INFO o.a.j.t.JMeterThread: Thread is done: Thread Group 1-1
2023-01-04 12:58:07,884 INFO o.a.j.t.JMeterThread: Thread finished: Thread Group 1-1
2023-01-04 12:58:09,962 INFO o.a.j.t.JMeterThread: Thread is done: Thread Group 1-2
2023-01-04 12:58:09,963 INFO o.a.j.t.JMeterThread: Thread finished: Thread Group 1-2
2023-01-04 12:58:09,963 INFO o.a.j.e.StandardJMeterEngine: Notifying test listeners of end of test
2023-01-04 12:58:09,963 INFO o.a.j.s.FileServer: Close: /Users/Valeryia_Babitskaya/Downloads/apache-jmeter-5.5/1tests/list_task02.csv
2023-01-04 12:58:09,964 INFO o.a.j.g.u.JMeterMenuBar: setRunning(false, *local*)
2023-01-04 12:58:33,432 WARN o.a.j.p.h.p.Proxy: [52238]  Problem with SSL certificate for url  for 'mozilla.cloudflare-dns.com'? Ensure browser is set to accept the JMeter proxy cert: Received fatal alert: unknown_ca
2023-01-04 12:59:37,467 WARN o.a.j.p.h.p.Proxy: [52254]  Problem with SSL certificate for url  for 'mozilla.cloudflare-dns.com'? Ensure browser is set to accept the JMeter proxy cert: Received fatal alert: unknown_ca
2023-01-04 12:59:38,714 INFO o.a.j.g.a.Load: Loading file: /Users/Valeryia_Babitskaya/Downloads/apache-jmeter-5.5/1tests/Task02_post2000.jmx
2023-01-04 12:59:38,714 INFO o.a.j.s.FileServer: Set new base='/Users/Valeryia_Babitskaya/Downloads/apache-jmeter-5.5/1tests'
2023-01-04 12:59:38,714 INFO o.a.j.s.SaveService: Loading file: /Users/Valeryia_Babitskaya/Downloads/apache-jmeter-5.5/1tests/Task02_post2000.jmx
2023-01-04 12:59:38,951 INFO o.a.j.v.ViewResultsFullVisualizer: Add JavaFX to your Java installation if you want to use renderer: org.apache.jmeter.visualizers.RenderInBrowser
2023-01-04 12:59:39,433 INFO o.a.j.p.h.p.Daemon: HTTP(S) Test Script Recorder stopped
2023-01-04 12:59:39,738 INFO o.a.j.s.FileServer: Set new base='/Users/Valeryia_Babitskaya/Downloads/apache-jmeter-5.5/1tests'
2023-01-04 13:01:06,180 INFO o.a.j.e.StandardJMeterEngine: Running the test!
2023-01-04 13:01:06,181 INFO o.a.j.s.SampleEvent: List of sample_variables: []
2023-01-04 13:01:06,238 INFO o.a.j.g.u.JMeterMenuBar: setRunning(true, *local*)
2023-01-04 13:01:06,308 INFO o.a.j.e.StandardJMeterEngine: Starting ThreadGroup: 1 : Thread Group
2023-01-04 13:01:06,309 INFO o.a.j.e.StandardJMeterEngine: Starting 2 threads for group Thread Group.
2023-01-04 13:01:06,309 INFO o.a.j.e.StandardJMeterEngine: Thread will continue on error
2023-01-04 13:01:06,309 INFO o.a.j.t.ThreadGroup: Starting thread group... number=1 threads=2 ramp-up=1 delayedStart=false
2023-01-04 13:01:06,311 INFO o.a.j.t.ThreadGroup: Started thread group number 1
2023-01-04 13:01:06,311 INFO o.a.j.e.StandardJMeterEngine: All thread groups have been started
2023-01-04 13:01:06,311 INFO o.a.j.t.JMeterThread: Thread started: Thread Group 1-1
2023-01-04 13:01:06,813 INFO o.a.j.t.JMeterThread: Thread started: Thread Group 1-2
2023-01-04 13:01:44,237 INFO o.a.j.t.JMeterThread: Thread is done: Thread Group 1-1
2023-01-04 13:01:44,237 INFO o.a.j.t.JMeterThread: Thread finished: Thread Group 1-1
2023-01-04 13:01:45,857 INFO o.a.j.t.JMeterThread: Thread is done: Thread Group 1-2
2023-01-04 13:01:45,857 INFO o.a.j.t.JMeterThread: Thread finished: Thread Group 1-2
2023-01-04 13:01:45,858 INFO o.a.j.e.StandardJMeterEngine: Notifying test listeners of end of test
2023-01-04 13:01:45,858 INFO o.a.j.g.u.JMeterMenuBar: setRunning(false, *local*)
2023-01-04 13:05:06,348 INFO o.a.j.e.StandardJMeterEngine: Running the test!
2023-01-04 13:05:06,349 INFO o.a.j.s.SampleEvent: List of sample_variables: []
2023-01-04 13:05:06,351 INFO o.a.j.g.u.JMeterMenuBar: setRunning(true, *local*)
2023-01-04 13:05:06,410 INFO o.a.j.e.StandardJMeterEngine: Starting ThreadGroup: 1 : Thread Group
2023-01-04 13:05:06,410 INFO o.a.j.e.StandardJMeterEngine: Starting 2 threads for group Thread Group.
2023-01-04 13:05:06,410 INFO o.a.j.e.StandardJMeterEngine: Thread will continue on error
2023-01-04 13:05:06,410 INFO o.a.j.t.ThreadGroup: Starting thread group... number=1 threads=2 ramp-up=1 delayedStart=false
2023-01-04 13:05:06,412 INFO o.a.j.t.ThreadGroup: Started thread group number 1
2023-01-04 13:05:06,412 INFO o.a.j.e.StandardJMeterEngine: All thread groups have been started
2023-01-04 13:05:06,412 INFO o.a.j.t.JMeterThread: Thread started: Thread Group 1-1
2023-01-04 13:05:06,917 INFO o.a.j.t.JMeterThread: Thread started: Thread Group 1-2
2023-01-04 13:06:26,885 INFO o.a.j.t.JMeterThread: Thread is done: Thread Group 1-2
2023-01-04 13:06:26,886 INFO o.a.j.t.JMeterThread: Thread finished: Thread Group 1-2
2023-01-04 13:06:27,126 INFO o.a.j.t.JMeterThread: Thread is done: Thread Group 1-1
2023-01-04 13:06:27,127 INFO o.a.j.t.JMeterThread: Thread finished: Thread Group 1-1
2023-01-04 13:06:27,127 INFO o.a.j.e.StandardJMeterEngine: Notifying test listeners of end of test
2023-01-04 13:06:27,127 INFO o.a.j.g.u.JMeterMenuBar: setRunning(false, *local*)
2023-01-04 15:37:38,001 INFO o.a.j.e.StandardJMeterEngine: Running the test!
2023-01-04 15:37:38,008 INFO o.a.j.s.SampleEvent: List of sample_variables: []
2023-01-04 15:37:38,014 INFO o.a.j.g.u.JMeterMenuBar: setRunning(true, *local*)
2023-01-04 15:37:38,192 INFO o.a.j.e.StandardJMeterEngine: Starting ThreadGroup: 1 : Thread Group
2023-01-04 15:37:38,192 INFO o.a.j.e.StandardJMeterEngine: Starting 1 threads for group Thread Group.
2023-01-04 15:37:38,192 INFO o.a.j.e.StandardJMeterEngine: Thread will continue on error
2023-01-04 15:37:38,192 INFO o.a.j.t.ThreadGroup: Starting thread group... number=1 threads=1 ramp-up=1 delayedStart=false
2023-01-04 15:37:38,193 INFO o.a.j.t.ThreadGroup: Started thread group number 1
2023-01-04 15:37:38,193 INFO o.a.j.e.StandardJMeterEngine: All thread groups have been started
2023-01-04 15:37:38,194 INFO o.a.j.t.JMeterThread: Thread started: Thread Group 1-1
2023-01-04 15:37:43,917 INFO o.a.j.t.JMeterThread: Thread is done: Thread Group 1-1
2023-01-04 15:37:43,917 INFO o.a.j.t.JMeterThread: Thread finished: Thread Group 1-1
2023-01-04 15:37:43,917 INFO o.a.j.e.StandardJMeterEngine: Notifying test listeners of end of test
2023-01-04 15:37:43,917 INFO o.a.j.g.u.JMeterMenuBar: setRunning(false, *local*)
2023-01-04 15:37:51,966 INFO o.a.j.p.h.p.ProxyControl: Valid alias found for :root_ca:
2023-01-04 15:37:51,967 INFO o.a.j.p.h.p.ProxyControl: Valid alias found for :intermediate_ca:
2023-01-04 15:37:51,967 INFO o.a.j.p.h.p.Daemon: Creating Daemon Socket on port: 8888
2023-01-04 15:37:51,973 INFO o.a.j.p.h.p.Daemon: Test Script Recorder up and running!
2023-01-04 15:37:54,557 INFO o.a.j.p.h.p.ProxyControl: [53206]  Creating entry incoming.telemetry.mozilla.org in /Users/Valeryia_Babitskaya/Downloads/apache-jmeter-5.5/bin/proxyserver.jks
2023-01-04 15:37:56,236 INFO o.a.j.p.h.p.ProxyControl: Add sample /blog/-190 into controller 
2023-01-04 15:37:56,650 WARN o.a.j.p.h.p.Proxy: [53235]  Problem with SSL certificate for url  for 'firefox.settings.services.mozilla.com'? Ensure browser is set to accept the JMeter proxy cert: Received fatal alert: unknown_ca
2023-01-04 15:37:56,662 WARN o.a.j.p.h.p.Proxy: [53210]  Problem with SSL certificate for url  for 'fonts.googleapis.com'? Ensure browser is set to accept the JMeter proxy cert: Received fatal alert: unknown_ca
2023-01-04 15:37:56,848 INFO o.a.j.p.h.p.ProxyControl: Add sample /blog/en-us.res.axd-191 into controller 
2023-01-04 15:37:56,862 INFO o.a.j.p.h.p.ProxyControl: Add sample /blog/WebResource.axd-202 into controller 
2023-01-04 15:37:57,303 INFO o.a.j.p.h.p.ProxyControl: Add sample /canonical.html-203 into controller 
2023-01-04 15:38:01,909 INFO o.a.j.p.h.p.Proxy: [53206]  KeyStore for SSL loaded OK and put host 'incoming.telemetry.mozilla.org' in map with key (incoming.telemetry.mozilla.org)
2023-01-04 15:38:02,006 WARN o.a.j.p.h.p.Proxy: [53238]  Problem with SSL certificate for url  for 'incoming.telemetry.mozilla.org'? Ensure browser is set to accept the JMeter proxy cert: Received fatal alert: unknown_ca
2023-01-04 15:38:02,007 WARN o.a.j.p.h.p.Proxy: [53236]  Problem with SSL certificate for url  for 'incoming.telemetry.mozilla.org'? Ensure browser is set to accept the JMeter proxy cert: Received fatal alert: unknown_ca
2023-01-04 15:38:02,009 WARN o.a.j.p.h.p.Proxy: [53206]  Problem with SSL certificate for url  for 'incoming.telemetry.mozilla.org'? Ensure browser is set to accept the JMeter proxy cert: Received fatal alert: unknown_ca
2023-01-04 15:38:02,156 INFO o.a.j.p.h.p.ProxyControl: Add sample /canonical.html-207 into controller 
2023-01-04 15:38:05,796 WARN o.a.j.p.h.p.Proxy: [53255]  Problem with SSL certificate for url  for 'fonts.googleapis.com'? Ensure browser is set to accept the JMeter proxy cert: Received fatal alert: unknown_ca
2023-01-04 15:38:05,834 INFO o.a.j.p.h.p.ProxyControl: Add sample /blog/-210 into controller 
2023-01-04 15:38:05,838 INFO o.a.j.p.h.p.ProxyControl: Add sample /blog/en-us.res.axd-211 into controller 
2023-01-04 15:38:06,038 INFO o.a.j.p.h.p.ProxyControl: Add sample /canonical.html-223 into controller 
2023-01-04 15:38:06,043 INFO o.a.j.p.h.p.ProxyControl: Add sample /blog/WebResource.axd-219 into controller 
2023-01-04 15:38:17,377 WARN o.a.j.p.h.p.Proxy: [53291]  Problem with SSL certificate for url  for 'mozilla.cloudflare-dns.com'? Ensure browser is set to accept the JMeter proxy cert: Received fatal alert: unknown_ca
2023-01-04 15:38:18,501 INFO o.a.j.p.h.p.ProxyControl: Add sample /blog/admin/-227 into controller 
2023-01-04 15:38:18,506 INFO o.a.j.p.h.p.ProxyControl: Add sample /blog/admin/admin.res.axd-228 into controller 
2023-01-04 15:38:18,510 INFO o.a.j.p.h.p.ProxyControl: Add sample /css-230 into controller 
2023-01-04 15:38:18,706 INFO o.a.j.p.h.p.ProxyControl: Add sample /blog/scripts/blogadmin-229 into controller 
2023-01-04 15:38:18,910 INFO o.a.j.p.h.p.ProxyControl: Add sample /blog/admin/app/content/posts/postView.html-233 into controller 
2023-01-04 15:38:19,115 INFO o.a.j.p.h.p.ProxyControl: Add sample /blog/api/posts-234 into controller 
2023-01-04 15:39:21,415 WARN o.a.j.p.h.p.Proxy: [53313]  Problem with SSL certificate for url  for 'mozilla.cloudflare-dns.com'? Ensure browser is set to accept the JMeter proxy cert: Received fatal alert: unknown_ca
2023-01-04 15:39:42,615 INFO o.a.j.p.h.p.ProxyControl: Add sample /blog/admin/-235 into controller 
2023-01-04 15:39:42,820 INFO o.a.j.p.h.p.ProxyControl: Add sample /blog/admin/admin.res.axd-236 into controller 
2023-01-04 15:39:42,824 INFO o.a.j.p.h.p.ProxyControl: Add sample /blog/scripts/blogadmin-237 into controller 
2023-01-04 15:39:43,025 INFO o.a.j.p.h.p.ProxyControl: Add sample /blog/admin/app/content/posts/postView.html-240 into controller 
2023-01-04 15:39:44,047 INFO o.a.j.p.h.p.ProxyControl: Add sample /blog/api/posts-241 into controller 
2023-01-04 15:39:49,561 INFO o.a.j.e.StandardJMeterEngine: Running the test!
2023-01-04 15:39:49,562 INFO o.a.j.s.SampleEvent: List of sample_variables: []
2023-01-04 15:39:49,564 INFO o.a.j.g.u.JMeterMenuBar: setRunning(true, *local*)
2023-01-04 15:39:49,648 INFO o.a.j.e.StandardJMeterEngine: Starting ThreadGroup: 1 : Thread Group
2023-01-04 15:39:49,648 INFO o.a.j.e.StandardJMeterEngine: Starting 1 threads for group Thread Group.
2023-01-04 15:39:49,649 INFO o.a.j.e.StandardJMeterEngine: Thread will continue on error
2023-01-04 15:39:49,649 INFO o.a.j.t.ThreadGroup: Starting thread group... number=1 threads=1 ramp-up=1 delayedStart=false
2023-01-04 15:39:49,650 INFO o.a.j.t.ThreadGroup: Started thread group number 1
2023-01-04 15:39:49,650 INFO o.a.j.e.StandardJMeterEngine: All thread groups have been started
2023-01-04 15:39:49,651 INFO o.a.j.t.JMeterThread: Thread started: Thread Group 1-1
2023-01-04 15:39:51,652 INFO o.a.j.t.JMeterThread: Thread is done: Thread Group 1-1
2023-01-04 15:39:51,652 INFO o.a.j.t.JMeterThread: Thread finished: Thread Group 1-1
2023-01-04 15:39:51,653 INFO o.a.j.e.StandardJMeterEngine: Notifying test listeners of end of test
2023-01-04 15:39:51,653 INFO o.a.j.g.u.JMeterMenuBar: setRunning(false, *local*)
2023-01-04 15:39:57,716 INFO o.a.j.p.h.p.ProxyControl: Add sample /blog/admin/-242 into controller 
2023-01-04 15:39:57,720 INFO o.a.j.p.h.p.ProxyControl: Add sample /blog/admin/admin.res.axd-243 into controller 
2023-01-04 15:39:57,723 INFO o.a.j.p.h.p.ProxyControl: Add sample /blog/scripts/blogadmin-244 into controller 
2023-01-04 15:39:57,920 INFO o.a.j.p.h.p.ProxyControl: Add sample /blog/admin/app/content/posts/postView.html-247 into controller 
2023-01-04 15:39:57,923 INFO o.a.j.p.h.p.ProxyControl: Add sample /blog/api/posts-248 into controller 
2023-01-04 15:40:01,807 WARN o.a.j.p.h.p.Proxy: [53350]  Problem with SSL certificate for url  for 'push.services.mozilla.com'? Ensure browser is set to accept the JMeter proxy cert: Received fatal alert: unknown_ca
2023-01-04 15:40:02,002 INFO o.a.j.p.h.p.ProxyControl: Add sample /canonical.html-249 into controller 
2023-01-04 15:40:25,463 WARN o.a.j.p.h.p.Proxy: [53360]  Problem with SSL certificate for url  for 'mozilla.cloudflare-dns.com'? Ensure browser is set to accept the JMeter proxy cert: Received fatal alert: unknown_ca
2023-01-04 15:40:46,724 INFO o.a.j.e.StandardJMeterEngine: Running the test!
2023-01-04 15:40:46,726 INFO o.a.j.s.SampleEvent: List of sample_variables: []
2023-01-04 15:40:46,727 INFO o.a.j.g.u.JMeterMenuBar: setRunning(true, *local*)
2023-01-04 15:40:46,804 INFO o.a.j.e.StandardJMeterEngine: Starting ThreadGroup: 1 : Thread Group
2023-01-04 15:40:46,804 INFO o.a.j.e.StandardJMeterEngine: Starting 1 threads for group Thread Group.
2023-01-04 15:40:46,804 INFO o.a.j.e.StandardJMeterEngine: Thread will continue on error
2023-01-04 15:40:46,804 INFO o.a.j.t.ThreadGroup: Starting thread group... number=1 threads=1 ramp-up=1 delayedStart=false
2023-01-04 15:40:46,805 INFO o.a.j.t.ThreadGroup: Started thread group number 1
2023-01-04 15:40:46,805 INFO o.a.j.e.StandardJMeterEngine: All thread groups have been started
2023-01-04 15:40:46,806 INFO o.a.j.t.JMeterThread: Thread started: Thread Group 1-1
2023-01-04 15:40:48,947 INFO o.a.j.t.JMeterThread: Thread is done: Thread Group 1-1
2023-01-04 15:40:48,948 INFO o.a.j.t.JMeterThread: Thread finished: Thread Group 1-1
2023-01-04 15:40:48,948 INFO o.a.j.e.StandardJMeterEngine: Notifying test listeners of end of test
2023-01-04 15:40:48,948 INFO o.a.j.g.u.JMeterMenuBar: setRunning(false, *local*)
2023-01-04 15:41:09,914 INFO o.a.j.e.StandardJMeterEngine: Running the test!
2023-01-04 15:41:09,914 INFO o.a.j.s.SampleEvent: List of sample_variables: []
2023-01-04 15:41:09,915 INFO o.a.j.g.u.JMeterMenuBar: setRunning(true, *local*)
2023-01-04 15:41:09,983 INFO o.a.j.e.StandardJMeterEngine: Starting ThreadGroup: 1 : Thread Group
2023-01-04 15:41:09,983 INFO o.a.j.e.StandardJMeterEngine: Starting 1 threads for group Thread Group.
2023-01-04 15:41:09,983 INFO o.a.j.e.StandardJMeterEngine: Thread will continue on error
2023-01-04 15:41:09,984 INFO o.a.j.t.ThreadGroup: Starting thread group... number=1 threads=1 ramp-up=1 delayedStart=false
2023-01-04 15:41:09,985 INFO o.a.j.t.ThreadGroup: Started thread group number 1
2023-01-04 15:41:09,985 INFO o.a.j.e.StandardJMeterEngine: All thread groups have been started
2023-01-04 15:41:09,989 INFO o.a.j.t.JMeterThread: Thread started: Thread Group 1-1
2023-01-04 15:41:15,946 INFO o.a.j.t.JMeterThread: Thread is done: Thread Group 1-1
2023-01-04 15:41:15,950 INFO o.a.j.t.JMeterThread: Thread finished: Thread Group 1-1
2023-01-04 15:41:15,955 INFO o.a.j.e.StandardJMeterEngine: Notifying test listeners of end of test
2023-01-04 15:41:15,957 INFO o.a.j.g.u.JMeterMenuBar: setRunning(false, *local*)
2023-01-04 15:41:21,613 INFO o.a.j.p.h.p.ProxyControl: Add sample /blog/admin/-252 into controller 
2023-01-04 15:41:21,622 INFO o.a.j.p.h.p.ProxyControl: Add sample /blog/admin/admin.res.axd-253 into controller 
2023-01-04 15:41:21,627 INFO o.a.j.p.h.p.ProxyControl: Add sample /blog/scripts/blogadmin-254 into controller 
2023-01-04 15:41:21,816 INFO o.a.j.p.h.p.ProxyControl: Add sample /blog/admin/app/content/posts/postView.html-257 into controller 
2023-01-04 15:41:21,825 INFO o.a.j.p.h.p.ProxyControl: Add sample /blog/api/posts-258 into controller 
2023-01-04 15:41:26,921 INFO o.a.j.p.h.p.ProxyControl: Add sample /blog/admin/app/editor/editpost.cshtml-259 into controller 
2023-01-04 15:41:27,329 INFO o.a.j.p.h.p.ProxyControl: Add sample /blog/api/lookups-260 into controller 
2023-01-04 15:41:27,530 INFO o.a.j.p.h.p.ProxyControl: Add sample /blog/api/tags-261 into controller 
2023-01-04 15:41:27,733 INFO o.a.j.p.h.p.ProxyControl: Add sample /blog/api/posts/767b74e8-c16a-489e-a13a-a4246478f0e9-262 into controller 
2023-01-04 15:41:27,742 INFO o.a.j.p.h.p.ProxyControl: Add sample /blog/api/customfields-263 into controller 
2023-01-04 15:41:27,751 INFO o.a.j.p.h.p.ProxyControl: Add sample /blog/api/customfields-264 into controller 
2023-01-04 15:41:29,505 WARN o.a.j.p.h.p.Proxy: [53405]  Problem with SSL certificate for url  for 'mozilla.cloudflare-dns.com'? Ensure browser is set to accept the JMeter proxy cert: Received fatal alert: unknown_ca
2023-01-04 15:41:51,596 INFO o.a.j.p.h.p.ProxyControl: Add sample /blog/admin/app/editor/admin.res.axd-266 into controller 
2023-01-04 15:41:51,605 INFO o.a.j.p.h.p.ProxyControl: Add sample /blog/admin/app/editor/editpost.cshtml-265 into controller 
2023-01-04 15:41:51,799 INFO o.a.j.p.h.p.ProxyControl: Add sample /blog/Account/login.aspx-270 into controller 
2023-01-04 15:41:51,808 INFO o.a.j.p.h.p.ProxyControl: Add sample /canonical.html-269 into controller 
2023-01-04 15:41:55,670 INFO o.a.j.p.h.p.ProxyControl: Add sample /blog/admin/app/editor/editpost.cshtml-273 into controller 
2023-01-04 15:41:55,869 INFO o.a.j.p.h.p.ProxyControl: Add sample /blog/admin/app/editor/admin.res.axd-274 into controller 
2023-01-04 15:41:55,880 INFO o.a.j.p.h.p.ProxyControl: Add sample /blog/scripts/wysiwyg-275 into controller 
2023-01-04 15:41:57,492 INFO o.a.j.p.h.p.ProxyControl: Add sample /blog/api/lookups-280 into controller 
2023-01-04 15:41:58,501 INFO o.a.j.p.h.p.ProxyControl: Add sample /blog/admin/-306 into controller 
2023-01-04 15:41:58,703 INFO o.a.j.p.h.p.ProxyControl: Add sample /blog/admin/admin.res.axd-307 into controller 
2023-01-04 15:41:58,910 INFO o.a.j.p.h.p.ProxyControl: Add sample /canonical.html-308 into controller 
2023-01-04 15:41:58,918 INFO o.a.j.p.h.p.ProxyControl: Add sample /blog/Account/login.aspx-309 into controller 
2023-01-04 15:42:16,838 INFO o.a.j.p.h.p.ProxyControl: Add sample /blog/admin/app/editor/editpost.cshtml-313 into controller 
2023-01-04 15:42:17,445 INFO o.a.j.p.h.p.ProxyControl: Add sample /blog/api/lookups-314 into controller 
2023-01-04 15:42:18,057 INFO o.a.j.p.h.p.ProxyControl: Add sample /blog/api/tags-315 into controller 
2023-01-04 15:42:18,073 INFO o.a.j.p.h.p.ProxyControl: Add sample /blog/api/posts/767b74e8-c16a-489e-a13a-a4246478f0e9-316 into controller 
2023-01-04 15:42:18,084 INFO o.a.j.p.h.p.ProxyControl: Add sample /blog/api/customfields-317 into controller 
2023-01-04 15:42:18,095 INFO o.a.j.p.h.p.ProxyControl: Add sample /blog/api/customfields-318 into controller 
2023-01-04 15:42:24,583 INFO o.a.j.p.h.p.ProxyControl: Add sample /blog/api/posts/update/foo-320 into controller 
2023-01-04 15:42:24,595 INFO o.a.j.p.h.p.ProxyControl: Add sample /blog/api/posts/767b74e8-c16a-489e-a13a-a4246478f0e9-321 into controller 
2023-01-04 15:42:24,606 INFO o.a.j.p.h.p.ProxyControl: Add sample /blog/api/customfields-322 into controller 
2023-01-04 15:42:33,526 WARN o.a.j.p.h.p.Proxy: [53535]  Problem with SSL certificate for url  for 'mozilla.cloudflare-dns.com'? Ensure browser is set to accept the JMeter proxy cert: Received fatal alert: unknown_ca
2023-01-04 15:42:33,779 INFO o.a.j.p.h.p.ProxyControl: Add sample /blog/api/posts/update/foo-323 into controller 
2023-01-04 15:42:33,791 INFO o.a.j.p.h.p.ProxyControl: Add sample /blog/api/posts/767b74e8-c16a-489e-a13a-a4246478f0e9-324 into controller 
2023-01-04 15:42:33,802 INFO o.a.j.p.h.p.ProxyControl: Add sample /blog/api/customfields-325 into controller 
2023-01-04 15:43:04,183 INFO o.a.j.p.h.p.ProxyControl: Add sample /blog/admin/-326 into controller 
2023-01-04 15:43:04,197 INFO o.a.j.p.h.p.ProxyControl: Add sample /blog/Account/login.aspx-328 into controller 
2023-01-04 15:43:04,392 INFO o.a.j.p.h.p.ProxyControl: Add sample /canonical.html-327 into controller 
2023-01-04 15:43:04,589 INFO o.a.j.p.h.p.ProxyControl: Add sample /css-331 into controller 
2023-01-04 15:43:15,153 WARN o.a.j.p.h.p.Proxy: [53574]  Problem with SSL certificate for url  for 'fonts.googleapis.com'? Ensure browser is set to accept the JMeter proxy cert: Received fatal alert: unknown_ca
2023-01-04 15:43:15,185 INFO o.a.j.p.h.p.ProxyControl: Add sample /blog-339 into controller 
2023-01-04 15:43:15,194 INFO o.a.j.p.h.p.ProxyControl: Add sample /blog/en-us.res.axd-349 into controller 
2023-01-04 15:43:15,387 INFO o.a.j.p.h.p.ProxyControl: Add sample /canonical.html-355 into controller 
2023-01-04 15:43:15,391 INFO o.a.j.p.h.p.ProxyControl: Add sample /blog/WebResource.axd-354 into controller 
2023-01-04 15:43:19,682 INFO o.a.j.p.h.p.ProxyControl: Add sample /blog/post/10-361 into controller 
2023-01-04 15:43:19,745 WARN o.a.j.p.h.p.Proxy: [53621]  Problem with SSL certificate for url  for 'fonts.googleapis.com'? Ensure browser is set to accept the JMeter proxy cert: Received fatal alert: unknown_ca
2023-01-04 15:43:19,886 INFO o.a.j.p.h.p.ProxyControl: Add sample /canonical.html-363 into controller 
2023-01-04 15:43:37,571 WARN o.a.j.p.h.p.Proxy: [53639]  Problem with SSL certificate for url  for 'mozilla.cloudflare-dns.com'? Ensure browser is set to accept the JMeter proxy cert: Received fatal alert: unknown_ca
2023-01-04 15:44:41,608 WARN o.a.j.p.h.p.Proxy: [53656]  Problem with SSL certificate for url  for 'mozilla.cloudflare-dns.com'? Ensure browser is set to accept the JMeter proxy cert: Received fatal alert: unknown_ca
2023-01-04 15:45:45,659 WARN o.a.j.p.h.p.Proxy: [53662]  Problem with SSL certificate for url  for 'mozilla.cloudflare-dns.com'? Ensure browser is set to accept the JMeter proxy cert: Received fatal alert: unknown_ca
2023-01-04 15:46:49,720 WARN o.a.j.p.h.p.Proxy: [53680]  Problem with SSL certificate for url  for 'mozilla.cloudflare-dns.com'? Ensure browser is set to accept the JMeter proxy cert: Received fatal alert: unknown_ca
2023-01-04 15:47:53,781 WARN o.a.j.p.h.p.Proxy: [53691]  Problem with SSL certificate for url  for 'mozilla.cloudflare-dns.com'? Ensure browser is set to accept the JMeter proxy cert: Received fatal alert: unknown_ca
2023-01-04 15:48:57,825 WARN o.a.j.p.h.p.Proxy: [53703]  Problem with SSL certificate for url  for 'mozilla.cloudflare-dns.com'? Ensure browser is set to accept the JMeter proxy cert: Received fatal alert: unknown_ca
2023-01-04 15:50:01,877 WARN o.a.j.p.h.p.Proxy: [53713]  Problem with SSL certificate for url  for 'mozilla.cloudflare-dns.com'? Ensure browser is set to accept the JMeter proxy cert: Received fatal alert: unknown_ca
2023-01-04 15:51:05,971 WARN o.a.j.p.h.p.Proxy: [53722]  Problem with SSL certificate for url  for 'mozilla.cloudflare-dns.com'? Ensure browser is set to accept the JMeter proxy cert: Received fatal alert: unknown_ca
2023-01-04 15:52:10,032 WARN o.a.j.p.h.p.Proxy: [53744]  Problem with SSL certificate for url  for 'mozilla.cloudflare-dns.com'? Ensure browser is set to accept the JMeter proxy cert: Received fatal alert: unknown_ca
2023-01-04 15:53:14,074 WARN o.a.j.p.h.p.Proxy: [53757]  Problem with SSL certificate for url  for 'mozilla.cloudflare-dns.com'? Ensure browser is set to accept the JMeter proxy cert: Received fatal alert: unknown_ca
2023-01-04 15:53:40,083 WARN o.a.j.p.h.p.Proxy: [53767]  Problem with SSL certificate for url  for 'contile.services.mozilla.com'? Ensure browser is set to accept the JMeter proxy cert: Received fatal alert: unknown_ca
2023-01-04 15:53:40,293 INFO o.a.j.p.h.p.ProxyControl: Add sample /canonical.html-367 into controller 
2023-01-04 15:54:18,121 WARN o.a.j.p.h.p.Proxy: [53782]  Problem with SSL certificate for url  for 'mozilla.cloudflare-dns.com'? Ensure browser is set to accept the JMeter proxy cert: Received fatal alert: unknown_ca
2023-01-04 15:55:22,240 WARN o.a.j.p.h.p.Proxy: [53799]  Problem with SSL certificate for url  for 'mozilla.cloudflare-dns.com'? Ensure browser is set to accept the JMeter proxy cert: Received fatal alert: unknown_ca
2023-01-04 15:56:26,276 WARN o.a.j.p.h.p.Proxy: [53817]  Problem with SSL certificate for url  for 'mozilla.cloudflare-dns.com'? Ensure browser is set to accept the JMeter proxy cert: Received fatal alert: unknown_ca
2023-01-04 15:57:30,317 WARN o.a.j.p.h.p.Proxy: [53836]  Problem with SSL certificate for url  for 'mozilla.cloudflare-dns.com'? Ensure browser is set to accept the JMeter proxy cert: Received fatal alert: unknown_ca
2023-01-04 15:58:34,349 WARN o.a.j.p.h.p.Proxy: [53851]  Problem with SSL certificate for url  for 'mozilla.cloudflare-dns.com'? Ensure browser is set to accept the JMeter proxy cert: Received fatal alert: unknown_ca
2023-01-04 15:58:55,593 INFO o.a.j.p.h.p.ProxyControl: Add sample /canonical.html-372 into controller 
2023-01-04 15:59:38,397 WARN o.a.j.p.h.p.Proxy: [53884]  Problem with SSL certificate for url  for 'mozilla.cloudflare-dns.com'? Ensure browser is set to accept the JMeter proxy cert: Received fatal alert: unknown_ca
2023-01-04 16:00:42,441 WARN o.a.j.p.h.p.Proxy: [53901]  Problem with SSL certificate for url  for 'mozilla.cloudflare-dns.com'? Ensure browser is set to accept the JMeter proxy cert: Received fatal alert: unknown_ca
2023-01-04 16:01:46,491 WARN o.a.j.p.h.p.Proxy: [53924]  Problem with SSL certificate for url  for 'mozilla.cloudflare-dns.com'? Ensure browser is set to accept the JMeter proxy cert: Received fatal alert: unknown_ca
2023-01-04 16:02:50,550 WARN o.a.j.p.h.p.Proxy: [53955]  Problem with SSL certificate for url  for 'mozilla.cloudflare-dns.com'? Ensure browser is set to accept the JMeter proxy cert: Received fatal alert: unknown_ca
2023-01-04 16:03:54,645 WARN o.a.j.p.h.p.Proxy: [54006]  Problem with SSL certificate for url  for 'mozilla.cloudflare-dns.com'? Ensure browser is set to accept the JMeter proxy cert: Received fatal alert: unknown_ca
2023-01-04 16:04:39,867 INFO o.a.j.p.h.p.ProxyControl: Add sample /blog/-375 into controller 
2023-01-04 16:04:39,968 WARN o.a.j.p.h.p.Proxy: [54018]  Problem with SSL certificate for url  for 'fonts.googleapis.com'? Ensure browser is set to accept the JMeter proxy cert: Received fatal alert: unknown_ca
2023-01-04 16:04:40,275 INFO o.a.j.p.h.p.ProxyControl: Add sample /canonical.html-376 into controller 
2023-01-04 16:04:58,687 WARN o.a.j.p.h.p.Proxy: [54034]  Problem with SSL certificate for url  for 'mozilla.cloudflare-dns.com'? Ensure browser is set to accept the JMeter proxy cert: Received fatal alert: unknown_ca
2023-01-04 16:06:02,755 WARN o.a.j.p.h.p.Proxy: [54050]  Problem with SSL certificate for url  for 'mozilla.cloudflare-dns.com'? Ensure browser is set to accept the JMeter proxy cert: Received fatal alert: unknown_ca
2023-01-04 16:07:06,808 WARN o.a.j.p.h.p.Proxy: [54061]  Problem with SSL certificate for url  for 'mozilla.cloudflare-dns.com'? Ensure browser is set to accept the JMeter proxy cert: Received fatal alert: unknown_ca
2023-01-04 16:08:10,883 WARN o.a.j.p.h.p.Proxy: [54075]  Problem with SSL certificate for url  for 'mozilla.cloudflare-dns.com'? Ensure browser is set to accept the JMeter proxy cert: Received fatal alert: unknown_ca
2023-01-04 16:08:40,053 WARN o.a.j.p.h.p.Proxy: [54083]  Problem with SSL certificate for url  for 'contile.services.mozilla.com'? Ensure browser is set to accept the JMeter proxy cert: Received fatal alert: unknown_ca
2023-01-04 16:08:40,230 INFO o.a.j.p.h.p.ProxyControl: Add sample /canonical.html-379 into controller 
2023-01-04 16:09:14,924 WARN o.a.j.p.h.p.Proxy: [54106]  Problem with SSL certificate for url  for 'mozilla.cloudflare-dns.com'? Ensure browser is set to accept the JMeter proxy cert: Received fatal alert: unknown_ca
2023-01-04 16:10:01,817 WARN o.a.j.p.h.p.Proxy: [54115]  Problem with SSL certificate for url  for 'push.services.mozilla.com'? Ensure browser is set to accept the JMeter proxy cert: Received fatal alert: unknown_ca
2023-01-04 16:10:02,112 INFO o.a.j.p.h.p.ProxyControl: Add sample /canonical.html-382 into controller 
2023-01-04 16:10:18,965 WARN o.a.j.p.h.p.Proxy: [54126]  Problem with SSL certificate for url  for 'mozilla.cloudflare-dns.com'? Ensure browser is set to accept the JMeter proxy cert: Received fatal alert: unknown_ca
2023-01-04 16:11:23,007 WARN o.a.j.p.h.p.Proxy: [54144]  Problem with SSL certificate for url  for 'mozilla.cloudflare-dns.com'? Ensure browser is set to accept the JMeter proxy cert: Received fatal alert: unknown_ca
2023-01-04 16:12:27,052 WARN o.a.j.p.h.p.Proxy: [54173]  Problem with SSL certificate for url  for 'mozilla.cloudflare-dns.com'? Ensure browser is set to accept the JMeter proxy cert: Received fatal alert: unknown_ca
2023-01-04 16:13:31,095 WARN o.a.j.p.h.p.Proxy: [54183]  Problem with SSL certificate for url  for 'mozilla.cloudflare-dns.com'? Ensure browser is set to accept the JMeter proxy cert: Received fatal alert: unknown_ca
2023-01-04 16:14:35,166 WARN o.a.j.p.h.p.Proxy: [54204]  Problem with SSL certificate for url  for 'mozilla.cloudflare-dns.com'? Ensure browser is set to accept the JMeter proxy cert: Received fatal alert: unknown_ca
2023-01-04 16:22:08,853 INFO o.a.j.p.h.p.ProxyControl: Add sample /canonical.html-385 into controller 
2023-01-04 16:22:10,924 WARN o.a.j.p.h.p.Proxy: [54279]  Problem with SSL certificate for url  for 'mozilla.cloudflare-dns.com'? Ensure browser is set to accept the JMeter proxy cert: Received fatal alert: unknown_ca
2023-01-04 16:23:14,977 WARN o.a.j.p.h.p.Proxy: [54377]  Problem with SSL certificate for url  for 'mozilla.cloudflare-dns.com'? Ensure browser is set to accept the JMeter proxy cert: Received fatal alert: unknown_ca
2023-01-04 16:24:19,020 WARN o.a.j.p.h.p.Proxy: [54404]  Problem with SSL certificate for url  for 'mozilla.cloudflare-dns.com'? Ensure browser is set to accept the JMeter proxy cert: Received fatal alert: unknown_ca
2023-01-04 16:25:11,801 WARN o.a.j.p.h.p.Proxy: [54417]  Problem with SSL certificate for url  for 'contile.services.mozilla.com'? Ensure browser is set to accept the JMeter proxy cert: Received fatal alert: unknown_ca
2023-01-04 16:25:12,201 INFO o.a.j.p.h.p.ProxyControl: Add sample /canonical.html-390 into controller 
2023-01-04 16:25:23,055 WARN o.a.j.p.h.p.Proxy: [54430]  Problem with SSL certificate for url  for 'mozilla.cloudflare-dns.com'? Ensure browser is set to accept the JMeter proxy cert: Received fatal alert: unknown_ca
2023-01-04 16:25:41,519 INFO o.a.j.g.a.Load: Loading file: /Users/Valeryia_Babitskaya/Downloads/apache-jmeter-5.5/1tests/Task02_post100.jmx
2023-01-04 16:25:41,520 INFO o.a.j.s.FileServer: Set new base='/Users/Valeryia_Babitskaya/Downloads/apache-jmeter-5.5/1tests'
2023-01-04 16:25:41,520 INFO o.a.j.s.SaveService: Loading file: /Users/Valeryia_Babitskaya/Downloads/apache-jmeter-5.5/1tests/Task02_post100.jmx
2023-01-04 16:25:41,578 INFO o.a.j.v.ViewResultsFullVisualizer: Add JavaFX to your Java installation if you want to use renderer: org.apache.jmeter.visualizers.RenderInBrowser
2023-01-04 16:25:41,687 INFO o.a.j.s.FileServer: Set new base='/Users/Valeryia_Babitskaya/Downloads/apache-jmeter-5.5/1tests'
2023-01-04 16:25:42,024 INFO o.a.j.p.h.p.Daemon: HTTP(S) Test Script Recorder stopped
2023-01-04 16:26:45,313 INFO o.a.j.p.h.p.ProxyControl: Valid alias found for :root_ca:
2023-01-04 16:26:45,313 INFO o.a.j.p.h.p.ProxyControl: Valid alias found for :intermediate_ca:
2023-01-04 16:26:45,313 INFO o.a.j.p.h.p.Daemon: Creating Daemon Socket on port: 8888
2023-01-04 16:26:45,314 INFO o.a.j.p.h.p.Daemon: Test Script Recorder up and running!
2023-01-04 16:26:52,604 INFO o.a.j.p.h.p.ProxyControl: Add sample /blog/-393 into controller 
2023-01-04 16:26:52,691 WARN o.a.j.p.h.p.Proxy: [54464]  Problem with SSL certificate for url  for 'fonts.googleapis.com'? Ensure browser is set to accept the JMeter proxy cert: Received fatal alert: unknown_ca
2023-01-04 16:26:52,810 INFO o.a.j.p.h.p.ProxyControl: Add sample /blog/en-us.res.axd-394 into controller 
2023-01-04 16:26:52,814 INFO o.a.j.p.h.p.ProxyControl: Add sample /blog/WebResource.axd-405 into controller 
2023-01-04 16:26:53,009 INFO o.a.j.p.h.p.ProxyControl: Add sample /canonical.html-406 into controller 
2023-01-04 16:26:59,071 INFO o.a.j.e.StandardJMeterEngine: Running the test!
2023-01-04 16:26:59,072 INFO o.a.j.s.SampleEvent: List of sample_variables: []
2023-01-04 16:26:59,075 INFO o.a.j.g.u.JMeterMenuBar: setRunning(true, *local*)
2023-01-04 16:26:59,210 INFO o.a.j.e.StandardJMeterEngine: Starting ThreadGroup: 1 : Thread Group
2023-01-04 16:26:59,210 INFO o.a.j.e.StandardJMeterEngine: Starting 1 threads for group Thread Group.
2023-01-04 16:26:59,210 INFO o.a.j.e.StandardJMeterEngine: Thread will continue on error
2023-01-04 16:26:59,210 INFO o.a.j.t.ThreadGroup: Starting thread group... number=1 threads=1 ramp-up=1 delayedStart=false
2023-01-04 16:26:59,211 INFO o.a.j.t.ThreadGroup: Started thread group number 1
2023-01-04 16:26:59,212 INFO o.a.j.e.StandardJMeterEngine: All thread groups have been started
2023-01-04 16:26:59,214 INFO o.a.j.t.JMeterThread: Thread started: Thread Group 1-1
2023-01-04 16:27:00,060 INFO o.a.j.s.FileServer: Stored: /Users/Valeryia_Babitskaya/Downloads/apache-jmeter-5.5/1tests/list_task02.csv
2023-01-04 16:27:19,558 INFO o.a.j.t.JMeterThread: Thread is done: Thread Group 1-1
2023-01-04 16:27:19,559 INFO o.a.j.t.JMeterThread: Thread finished: Thread Group 1-1
2023-01-04 16:27:19,559 INFO o.a.j.e.StandardJMeterEngine: Notifying test listeners of end of test
2023-01-04 16:27:19,559 INFO o.a.j.s.FileServer: Close: /Users/Valeryia_Babitskaya/Downloads/apache-jmeter-5.5/1tests/list_task02.csv
2023-01-04 16:27:19,559 INFO o.a.j.g.u.JMeterMenuBar: setRunning(false, *local*)
2023-01-04 16:27:31,097 WARN o.a.j.p.h.p.Proxy: [54506]  Problem with SSL certificate for url  for 'mozilla.cloudflare-dns.com'? Ensure browser is set to accept the JMeter proxy cert: Received fatal alert: unknown_ca
2023-01-04 16:28:35,138 WARN o.a.j.p.h.p.Proxy: [54524]  Problem with SSL certificate for url  for 'mozilla.cloudflare-dns.com'? Ensure browser is set to accept the JMeter proxy cert: Received fatal alert: unknown_ca
2023-01-04 16:29:39,171 WARN o.a.j.p.h.p.Proxy: [54533]  Problem with SSL certificate for url  for 'mozilla.cloudflare-dns.com'? Ensure browser is set to accept the JMeter proxy cert: Received fatal alert: unknown_ca
2023-01-04 16:30:42,934 WARN o.a.j.p.h.p.Proxy: [54558]  Problem with SSL certificate for url  for 'fonts.googleapis.com'? Ensure browser is set to accept the JMeter proxy cert: Received fatal alert: unknown_ca
2023-01-04 16:30:42,951 INFO o.a.j.p.h.p.ProxyControl: Add sample /blog/-409 into controller 
2023-01-04 16:30:42,956 INFO o.a.j.p.h.p.ProxyControl: Add sample /blog/en-us.res.axd-411 into controller 
2023-01-04 16:30:42,961 INFO o.a.j.p.h.p.ProxyControl: Add sample /blog/WebResource.axd-421 into controller 
2023-01-04 16:30:43,153 INFO o.a.j.p.h.p.ProxyControl: Add sample /canonical.html-422 into controller 
2023-01-04 16:30:43,221 WARN o.a.j.p.h.p.Proxy: [54594]  Problem with SSL certificate for url  for 'mozilla.cloudflare-dns.com'? Ensure browser is set to accept the JMeter proxy cert: Received fatal alert: unknown_ca
2023-01-04 16:30:51,816 WARN o.a.j.p.h.p.Proxy: [54598]  Problem with SSL certificate for url  for 'fonts.googleapis.com'? Ensure browser is set to accept the JMeter proxy cert: Received fatal alert: unknown_ca
2023-01-04 16:30:51,854 INFO o.a.j.p.h.p.ProxyControl: Add sample /blog/-426 into controller 
2023-01-04 16:30:51,857 INFO o.a.j.p.h.p.ProxyControl: Add sample /blog/en-us.res.axd-427 into controller 
2023-01-04 16:30:52,059 INFO o.a.j.p.h.p.ProxyControl: Add sample /canonical.html-439 into controller 
2023-01-04 16:30:52,062 INFO o.a.j.p.h.p.ProxyControl: Add sample /blog/WebResource.axd-438 into controller 
2023-01-04 16:31:00,874 INFO o.a.j.p.h.p.Daemon: HTTP(S) Test Script Recorder stopped
2023-01-04 16:31:17,563 INFO o.a.j.g.a.Load: Loading file: /Users/Valeryia_Babitskaya/Downloads/apache-jmeter-5.5/1tests/Task02_post1000.jmx
2023-01-04 16:31:17,563 INFO o.a.j.s.FileServer: Set new base='/Users/Valeryia_Babitskaya/Downloads/apache-jmeter-5.5/1tests'
2023-01-04 16:31:17,563 INFO o.a.j.s.SaveService: Loading file: /Users/Valeryia_Babitskaya/Downloads/apache-jmeter-5.5/1tests/Task02_post1000.jmx
2023-01-04 16:31:17,655 INFO o.a.j.v.ViewResultsFullVisualizer: Add JavaFX to your Java installation if you want to use renderer: org.apache.jmeter.visualizers.RenderInBrowser
2023-01-04 16:31:18,112 INFO o.a.j.s.FileServer: Set new base='/Users/Valeryia_Babitskaya/Downloads/apache-jmeter-5.5/1tests'
2023-01-04 16:31:40,201 INFO o.a.j.e.StandardJMeterEngine: Running the test!
2023-01-04 16:31:40,201 INFO o.a.j.s.SampleEvent: List of sample_variables: []
2023-01-04 16:31:40,203 INFO o.a.j.g.u.JMeterMenuBar: setRunning(true, *local*)
2023-01-04 16:31:40,278 INFO o.a.j.e.StandardJMeterEngine: Starting ThreadGroup: 1 : Thread Group
2023-01-04 16:31:40,278 INFO o.a.j.e.StandardJMeterEngine: Starting 1 threads for group Thread Group.
2023-01-04 16:31:40,278 INFO o.a.j.e.StandardJMeterEngine: Thread will continue on error
2023-01-04 16:31:40,279 INFO o.a.j.t.ThreadGroup: Starting thread group... number=1 threads=1 ramp-up=1 delayedStart=false
2023-01-04 16:31:40,279 INFO o.a.j.t.ThreadGroup: Started thread group number 1
2023-01-04 16:31:40,279 INFO o.a.j.e.StandardJMeterEngine: All thread groups have been started
2023-01-04 16:31:40,281 INFO o.a.j.t.JMeterThread: Thread started: Thread Group 1-1
2023-01-04 16:34:15,830 INFO o.a.j.t.JMeterThread: Thread is done: Thread Group 1-1
2023-01-04 16:34:15,831 INFO o.a.j.t.JMeterThread: Thread finished: Thread Group 1-1
2023-01-04 16:34:15,832 INFO o.a.j.e.StandardJMeterEngine: Notifying test listeners of end of test
2023-01-04 16:34:15,832 INFO o.a.j.g.u.JMeterMenuBar: setRunning(false, *local*)
2023-01-04 16:37:33,962 INFO o.a.j.g.a.Load: Loading file: /Users/Valeryia_Babitskaya/Downloads/apache-jmeter-5.5/1tests/Task02_post2000.jmx
2023-01-04 16:37:33,963 INFO o.a.j.s.FileServer: Set new base='/Users/Valeryia_Babitskaya/Downloads/apache-jmeter-5.5/1tests'
2023-01-04 16:37:33,963 INFO o.a.j.s.SaveService: Loading file: /Users/Valeryia_Babitskaya/Downloads/apache-jmeter-5.5/1tests/Task02_post2000.jmx
2023-01-04 16:37:34,018 INFO o.a.j.v.ViewResultsFullVisualizer: Add JavaFX to your Java installation if you want to use renderer: org.apache.jmeter.visualizers.RenderInBrowser
2023-01-04 16:37:34,195 INFO o.a.j.s.FileServer: Set new base='/Users/Valeryia_Babitskaya/Downloads/apache-jmeter-5.5/1tests'
2023-01-04 16:38:02,534 INFO o.a.j.p.h.p.ProxyControl: Valid alias found for :root_ca:
2023-01-04 16:38:02,534 INFO o.a.j.p.h.p.ProxyControl: Valid alias found for :intermediate_ca:
2023-01-04 16:38:02,534 INFO o.a.j.p.h.p.Daemon: Creating Daemon Socket on port: 8888
2023-01-04 16:38:02,536 INFO o.a.j.p.h.p.Daemon: Test Script Recorder up and running!
2023-01-04 16:38:09,401 WARN o.a.j.p.h.p.Proxy: [54787]  Problem with SSL certificate for url  for 'fonts.googleapis.com'? Ensure browser is set to accept the JMeter proxy cert: Received fatal alert: unknown_ca
2023-01-04 16:38:09,414 WARN o.a.j.p.h.p.Proxy: [54812]  Problem with SSL certificate for url  for 'firefox.settings.services.mozilla.com'? Ensure browser is set to accept the JMeter proxy cert: Received fatal alert: unknown_ca
2023-01-04 16:38:09,425 INFO o.a.j.p.h.p.ProxyControl: Add sample /blog/-442 into controller 
2023-01-04 16:38:09,430 INFO o.a.j.p.h.p.ProxyControl: Add sample /blog/en-us.res.axd-443 into controller 
2023-01-04 16:38:09,504 WARN o.a.j.p.h.p.Proxy: [54816]  Problem with SSL certificate for url  for 'incoming.telemetry.mozilla.org'? Ensure browser is set to accept the JMeter proxy cert: Received fatal alert: unknown_ca
2023-01-04 16:38:09,508 WARN o.a.j.p.h.p.Proxy: [54817]  Problem with SSL certificate for url  for 'incoming.telemetry.mozilla.org'? Ensure browser is set to accept the JMeter proxy cert: Received fatal alert: unknown_ca
2023-01-04 16:38:09,628 INFO o.a.j.p.h.p.ProxyControl: Add sample /blog/WebResource.axd-454 into controller 
2023-01-04 16:38:09,831 INFO o.a.j.p.h.p.ProxyControl: Add sample /canonical.html-455 into controller 
2023-01-04 16:38:11,288 WARN o.a.j.p.h.p.Proxy: [54825]  Problem with SSL certificate for url  for 'mozilla.cloudflare-dns.com'? Ensure browser is set to accept the JMeter proxy cert: Received fatal alert: unknown_ca
2023-01-04 16:38:15,201 INFO o.a.j.e.StandardJMeterEngine: Running the test!
2023-01-04 16:38:15,202 INFO o.a.j.s.SampleEvent: List of sample_variables: []
2023-01-04 16:38:15,203 INFO o.a.j.g.u.JMeterMenuBar: setRunning(true, *local*)
2023-01-04 16:38:15,292 INFO o.a.j.e.StandardJMeterEngine: Starting ThreadGroup: 1 : Thread Group
2023-01-04 16:38:15,293 INFO o.a.j.e.StandardJMeterEngine: Starting 1 threads for group Thread Group.
2023-01-04 16:38:15,293 INFO o.a.j.e.StandardJMeterEngine: Thread will continue on error
2023-01-04 16:38:15,293 INFO o.a.j.t.ThreadGroup: Starting thread group... number=1 threads=1 ramp-up=1 delayedStart=false
2023-01-04 16:38:15,294 INFO o.a.j.t.ThreadGroup: Started thread group number 1
2023-01-04 16:38:15,294 INFO o.a.j.e.StandardJMeterEngine: All thread groups have been started
2023-01-04 16:38:15,295 INFO o.a.j.t.JMeterThread: Thread started: Thread Group 1-1
2023-01-04 16:39:15,319 WARN o.a.j.p.h.p.Proxy: [54838]  Problem with SSL certificate for url  for 'mozilla.cloudflare-dns.com'? Ensure browser is set to accept the JMeter proxy cert: Received fatal alert: unknown_ca
2023-01-04 16:40:11,758 WARN o.a.j.p.h.p.Proxy: [54860]  Problem with SSL certificate for url  for 'contile.services.mozilla.com'? Ensure browser is set to accept the JMeter proxy cert: Received fatal alert: unknown_ca
2023-01-04 16:40:11,888 INFO o.a.j.p.h.p.ProxyControl: Add sample /canonical.html-459 into controller 
2023-01-04 16:40:19,351 WARN o.a.j.p.h.p.Proxy: [54870]  Problem with SSL certificate for url  for 'mozilla.cloudflare-dns.com'? Ensure browser is set to accept the JMeter proxy cert: Received fatal alert: unknown_ca
2023-01-04 16:41:23,384 WARN o.a.j.p.h.p.Proxy: [54885]  Problem with SSL certificate for url  for 'mozilla.cloudflare-dns.com'? Ensure browser is set to accept the JMeter proxy cert: Received fatal alert: unknown_ca
2023-01-04 16:42:32,625 INFO o.a.j.p.h.p.ProxyControl: Add sample /canonical.html-464 into controller 
2023-01-04 16:43:04,068 WARN o.a.j.p.h.p.Proxy: [55034]  Problem with SSL certificate for url  for 'mozilla.cloudflare-dns.com'? Ensure browser is set to accept the JMeter proxy cert: Received fatal alert: unknown_ca
2023-01-04 16:44:08,115 WARN o.a.j.p.h.p.Proxy: [55047]  Problem with SSL certificate for url  for 'mozilla.cloudflare-dns.com'? Ensure browser is set to accept the JMeter proxy cert: Received fatal alert: unknown_ca
2023-01-04 16:45:12,151 WARN o.a.j.p.h.p.Proxy: [55063]  Problem with SSL certificate for url  for 'mozilla.cloudflare-dns.com'? Ensure browser is set to accept the JMeter proxy cert: Received fatal alert: unknown_ca
2023-01-04 16:46:00,694 INFO o.a.j.p.h.p.ProxyControl: Add sample /canonical.html-469 into controller 
2023-01-04 16:46:16,182 WARN o.a.j.p.h.p.Proxy: [55149]  Problem with SSL certificate for url  for 'mozilla.cloudflare-dns.com'? Ensure browser is set to accept the JMeter proxy cert: Received fatal alert: unknown_ca
2023-01-04 16:47:10,184 WARN o.a.j.p.h.p.Proxy: [55176]  Problem with SSL certificate for url  for 'push.services.mozilla.com'? Ensure browser is set to accept the JMeter proxy cert: Received fatal alert: unknown_ca
2023-01-04 16:47:10,403 INFO o.a.j.p.h.p.ProxyControl: Add sample /canonical.html-472 into controller 
2023-01-04 16:47:20,220 WARN o.a.j.p.h.p.Proxy: [55187]  Problem with SSL certificate for url  for 'mozilla.cloudflare-dns.com'? Ensure browser is set to accept the JMeter proxy cert: Received fatal alert: unknown_ca
2023-01-04 16:47:44,243 INFO o.a.j.t.JMeterThread: Thread is done: Thread Group 1-1
2023-01-04 16:47:44,244 INFO o.a.j.t.JMeterThread: Thread finished: Thread Group 1-1
2023-01-04 16:47:44,244 INFO o.a.j.e.StandardJMeterEngine: Notifying test listeners of end of test
2023-01-04 16:47:44,244 INFO o.a.j.g.u.JMeterMenuBar: setRunning(false, *local*)
2023-01-04 16:48:24,266 WARN o.a.j.p.h.p.Proxy: [55198]  Problem with SSL certificate for url  for 'mozilla.cloudflare-dns.com'? Ensure browser is set to accept the JMeter proxy cert: Received fatal alert: unknown_ca
2023-01-04 16:49:28,312 WARN o.a.j.p.h.p.Proxy: [55211]  Problem with SSL certificate for url  for 'mozilla.cloudflare-dns.com'? Ensure browser is set to accept the JMeter proxy cert: Received fatal alert: unknown_ca
2023-01-04 16:50:32,345 WARN o.a.j.p.h.p.Proxy: [55231]  Problem with SSL certificate for url  for 'mozilla.cloudflare-dns.com'? Ensure browser is set to accept the JMeter proxy cert: Received fatal alert: unknown_ca
2023-01-04 16:51:36,397 WARN o.a.j.p.h.p.Proxy: [55256]  Problem with SSL certificate for url  for 'mozilla.cloudflare-dns.com'? Ensure browser is set to accept the JMeter proxy cert: Received fatal alert: unknown_ca
2023-01-04 16:52:10,355 INFO o.a.j.p.h.p.Daemon: HTTP(S) Test Script Recorder stopped
